"../../../Space/Content/StarterContent/Blueprints/Assets/FogBrightnessLUT.uasset" 0
"../../../Space/Content/StarterContent/Blueprints/Assets/SunlightColorLUT.uasset" 1
"../../../Space/Content/StarterContent/Blueprints/Assets/M_LightStage_Arrows.uasset" 2
"../../../Engine/Content/MapTemplates/Sky/DaylightAmbientCubemap.uasset" 3
"../../../Space/Content/StarterContent/Blueprints/Assets/M_LightStage_Skybox_Master.uasset" 4
"../../../Space/Content/StarterContent/Blueprints/Assets/M_LightStage_Skybox_Black.uasset" 5
"../../../Space/Content/StarterContent/Blueprints/Assets/M_LightStage_Skybox_HDRI.uasset" 6
"../../../Engine/Content/EditorMaterials/Thumbnails/SkySphereMaterial.uasset" 7
"../../../Space/Content/StarterContent/Blueprints/Assets/Skybox.uasset" 8
"../../../Engine/Content/Functions/Engine_MaterialFunctions01/Opacity/CameraDepthFade.uasset" 9
"../../../Engine/Content/EngineMaterials/T_Default_Material_Grid_M.uasset" 10
"../../../Engine/Content/EngineMaterials/T_Default_Material_Grid_N.uasset" 11
"../../../Engine/Content/EngineMaterials/WorldGridMaterial.uasset" 12
"../../../Space/Content/StarterContent/Blueprints/Assets/SM_Arrows.uasset" 13
"../../../Space/Content/StarterContent/HDRI/HDRI_Epic_Courtyard_Daylight.uasset" 14
"../../../Space/Content/StarterContent/Blueprints/BP_LightStudio.uasset" 15
"../../../Space/Content/StarterContent/Materials/M_AssetPlatform.uasset" 16
"../../../Engine/Content/EditorMeshes/ColorCalibrator/M_ChromeBall.uasset" 17
"../../../Engine/Content/EditorMeshes/ColorCalibrator/M_ClearCoat.uasset" 18
"../../../Engine/Content/EditorMeshes/ColorCalibrator/M_ClearCoatBlack.uasset" 19
"../../../Engine/Content/EditorMeshes/ColorCalibrator/T_ColorGrid.uasset" 20
"../../../Engine/Content/EditorMeshes/ColorCalibrator/M_ColorGrid.uasset" 21
"../../../Engine/Content/EditorMeshes/ColorCalibrator/M_GreyBall.uasset" 22
"../../../Engine/Content/EditorMeshes/ColorCalibrator/SM_ColorCalibrator.uasset" 23
"../../../Space/Content/StarterContent/Architecture/SM_AssetPlatform.uasset" 24
"../../../Space/Content/StarterContent/Maps/Advanced_Lighting.umap" 25
"../../../Engine/Content/EditorBlueprintResources/StandardMacros.uasset" 26
"../../../Engine/Content/EngineSky/C_Sky_Cloud_Color.uasset" 27
"../../../Engine/Content/EngineSky/C_Sky_Horizon_Color.uasset" 28
"../../../Engine/Content/EngineSky/C_Sky_Zenith_Color.uasset" 29
"../../../Engine/Content/EngineSky/T_Sky_Blue.uasset" 30
"../../../Engine/Content/EngineSky/T_Sky_Clouds_M.uasset" 31
"../../../Engine/Content/EngineSky/T_Sky_Stars.uasset" 32
"../../../Engine/Content/EngineSky/SM_SkySphere.uasset" 33
"../../../Engine/Content/EngineSky/M_Sky_Panning_Clouds2.uasset" 34
"../../../Engine/Content/EngineSky/BP_Sky_Sphere.uasset" 35
"../../../Space/Content/Space/BluePrints/Destroyable/Destroyable.uasset" 36
"../../../Space/Content/StarterContent/Textures/T_MacroVariation.uasset" 37
"../../../Space/Content/StarterContent/Textures/T_Metal_Gold_D.uasset" 38
"../../../Space/Content/StarterContent/Textures/T_Metal_Gold_N.uasset" 39
"../../../Space/Content/StarterContent/Materials/M_Metal_Gold.uasset" 40
"../../../Engine/Content/EngineMaterials/DefaultMaterial.uasset" 41
"../../../Engine/Content/BasicShapes/Sphere.uasset" 42
"../../../Space/Content/Space/BluePrints/Item/getItemWidget.uasset" 43
"../../../Space/Content/Space/BluePrints/Item/ItemStructure.uasset" 44
"../../../Space/Content/Space/BluePrints/Item/Item.uasset" 45
"../../../Space/Content/Space/BluePrints/Player/SpacePlayer.uasset" 46
"../../../Space/Content/Space/BluePrints/Skills/ActiveSkill.uasset" 47
"../../../Space/Content/Space/BluePrints/Skills/SkillStructure.uasset" 48
"../../../Space/Content/Space/BluePrints/Skills/Skill.uasset" 49
"../../../Space/Content/Space/BluePrints/Unit/UnitAttachable.uasset" 50
"../../../Space/Content/Space/BluePrints/Unit/UnitBody.uasset" 51
"../../../Space/Content/Space/BluePrints/Weapons/Weapon.uasset" 52
"../../../Space/Content/Space/BluePrints/Unit/Unit.uasset" 53
"../../../Space/Content/Space/AI/Unit_AI_Blackboard.uasset" 54
"../../../Space/Content/Space/AI/UnitAgroCheck.uasset" 55
"../../../Space/Content/Space/AI/UnitDurabillityCheck.uasset" 56
"../../../Space/Content/Space/AI/UnitDurCheck.uasset" 57
"../../../Space/Content/Space/AI/UnitRapidMoveTo.uasset" 58
"../../../Engine/Plugins/2D/Paper2D/Content/PlaceholderTextures/DummySpriteTexture.uasset" 59
"../../../Engine/Plugins/2D/Paper2D/Content/DummySpriteTexture.uasset" 60
"../../../Engine/Plugins/2D/Paper2D/Content/DefaultSpriteMaterial.uasset" 61
"../../../Engine/Plugins/2D/Paper2D/Content/TranslucentUnlitSpriteMaterial.uasset" 62
"../../../Space/Content/Space/Images/Skills/Barrier/Barrier.uasset" 63
"../../../Space/Content/Space/Images/Skills/Barrier/Barrier_Sprite.uasset" 64
"../../../Space/Content/Space/BluePrints/Skills/Barrier/Barrier.uasset" 65
"../../../Space/Content/Space/BluePrints/Skills/Barrier/BarrierCollider.uasset" 66
"../../../Space/Content/Space/Images/Skills/Barrier/InitializeBarrier.uasset" 67
"../../../Space/Content/Space/Images/Skills/Barrier/InitializeBarrier_Sprite.uasset" 68
"../../../Space/Content/Space/BluePrints/Skills/Barrier/InitializeBarrier.uasset" 69
"../../../Space/Content/Space/Images/Skills/Barrier/Skill_Barrier_Off.uasset" 70
"../../../Space/Content/Space/Images/Skills/Barrier/Skill_Barrier_On.uasset" 71
"../../../Space/Content/Space/Images/UI/Skill_Barrier_Disable.uasset" 72
"../../../Space/Content/Space/BluePrints/Skills/Skill_Barrier.uasset" 73
"../../../Space/Content/Space/AI/UnitTurnOnBarrier.uasset" 74
"../../../Space/Content/Space/AI/Unit_AI_BT.uasset" 75
"../../../Space/Content/Space/AI/Unit_AI_Controller.uasset" 76
"../../../Space/Content/Space/Images/Ship/Ship.uasset" 77
"../../../Space/Content/Space/Images/Ship/Ship_Sprite.uasset" 78
"../../../Space/Content/Space/BluePrints/Ship/ShipBody.uasset" 79
"../../../Space/Content/Space/BluePrints/Ship/ShipCore.uasset" 80
"../../../Space/Content/Space/BluePrints/Ship/ShipEngine.uasset" 81
"../../../Space/Content/Space/UI/DurabillityUI.uasset" 82
"../../../Space/Content/Space/Images/UI/MiniMapSpot.uasset" 83
"../../../Space/Content/Space/UI/MiniMapPosition.uasset" 84
"../../../Space/Content/StarterContent/Textures/T_Burst_M.uasset" 85
"../../../Space/Content/Space/Particle/Materials/M_Burst.uasset" 86
"../../../Space/Content/StarterContent/Textures/T_Explosion_SubUV.uasset" 87
"../../../Space/Content/Space/Particle/Materials/M_explosion_subUV.uasset" 88
"../../../Space/Content/Space/Particle/Materials/m_flare_01.uasset" 89
"../../../Engine/Content/Functions/Engine_MaterialFunctions01/Gradient/RadialGradient.uasset" 90
"../../../Space/Content/Space/Particle/Materials/M_radial_ramp.uasset" 91
"../../../Space/Content/StarterContent/Textures/T_Smoke_SubUV.uasset" 92
"../../../Space/Content/StarterContent/Textures/T_Smoke_Tiled_D.uasset" 93
"../../../Space/Content/Space/Particle/Materials/M_smoke_subUV.uasset" 94
"../../../Space/Content/Space/Particle/P_Explosion.uasset" 95
"../../../Space/Content/Space/UI/SkillIcon.uasset" 96
"../../../Space/Content/Space/Images/UI/MiniMaps.uasset" 97
"../../../Space/Content/Space/Images/UI/ProgressBar.uasset" 98
"../../../Space/Content/Space/Images/UI/Skill_UI_Bak.uasset" 99
"../../../Space/Content/Space/Images/UI/Skill_UI_key.uasset" 100
"../../../Space/Content/Space/Images/UI/UI_Background.uasset" 101
"../../../Space/Content/Space/Images/Laser/Laser.uasset" 102
"../../../Space/Content/Space/Images/UI/Weapon_UI_Key.uasset" 103
"../../../Space/Content/Space/Images/UI/Weapon_UI_Off.uasset" 104
"../../../Space/Content/Space/Images/UI/Weapon_UI_On.uasset" 105
"../../../Space/Content/Space/UI/WeaponIcon.uasset" 106
"../../../Space/Content/Space/UI/MainUI.uasset" 107
"../../../Space/Content/Space/BluePrints/Ship/Ship_Unit.uasset" 108
"../../../Space/Content/Space/BluePrints/Ship/Ship.uasset" 109
"../../../Space/Content/Space/BluePrints/Ship/WeaponPosition.uasset" 110
"../../../Space/Content/Space/Levels/Test.umap" 111
"../../../Space/Content/StarterContent/Materials/M_Metal_Brushed_Nickel.uasset" 112
"../../../Space/Content/StarterContent/Textures/T_Metal_Aluminum_D.uasset" 113
"../../../Space/Content/StarterContent/Materials/M_Metal_Burnished_Steel.uasset" 114
"../../../Space/Content/StarterContent/Textures/T_Metal_Copper_D.uasset" 115
"../../../Space/Content/StarterContent/Materials/M_Metal_Copper.uasset" 116
"../../../Space/Content/StarterContent/Textures/T_Chair_M.uasset" 117
"../../../Space/Content/StarterContent/Textures/T_Chair_N.uasset" 118
"../../../Space/Content/StarterContent/Props/Materials/M_Chair.uasset" 119
"../../../Space/Content/StarterContent/Textures/T_Statue_M.uasset" 120
"../../../Space/Content/StarterContent/Textures/T_Statue_N.uasset" 121
"../../../Space/Content/StarterContent/Props/Materials/M_StatueGlass.uasset" 122
"../../../Space/Content/StarterContent/Materials/M_Basic_Floor.uasset" 123
"../../../Space/Content/StarterContent/Architecture/Floor_400x400.uasset" 124
"../../../Space/Content/StarterContent/Audio/Starter_Birds01.uasset" 125
"../../../Space/Content/StarterContent/Audio/Starter_Wind05.uasset" 126
"../../../Space/Content/StarterContent/Audio/Starter_Wind06.uasset" 127
"../../../Space/Content/StarterContent/Audio/Starter_Background_Cue.uasset" 128
"../../../Space/Content/StarterContent/Props/SM_Chair.uasset" 129
"../../../Space/Content/StarterContent/Props/Materials/M_Statue.uasset" 130
"../../../Space/Content/StarterContent/Props/SM_Statue.uasset" 131
"../../../Space/Content/StarterContent/Textures/T_TableRound_M.uasset" 132
"../../../Space/Content/StarterContent/Textures/T_TableRound_N.uasset" 133
"../../../Space/Content/StarterContent/Props/Materials/M_TableRound.uasset" 134
"../../../Space/Content/StarterContent/Props/SM_TableRound.uasset" 135
"../../../Space/Content/StarterContent/Maps/Minimal_Default.umap" 136
"../../../Space/Content/StarterContent/Materials/M_Basic_Wall.uasset" 137
"../../../Engine/Content/BasicShapes/Cube.uasset" 138
"../../../Space/Content/Space/BluePrints/Planet/Node/Line.uasset" 139
"../../../Space/Content/Space/BluePrints/Planet/Node/Node.uasset" 140
"../../../Space/Content/Space/Images/Planet/Node/StartNode.uasset" 141
"../../../Space/Content/Space/Images/Planet/Node/StartNode_Sprite.uasset" 142
"../../../Space/Content/Space/BluePrints/Planet/Node/StartNode.uasset" 143
"../../../Engine/Content/BasicShapes/Cone.uasset" 144
"../../../Engine/Content/BasicShapes/Cylinder.uasset" 145
"../../../Space/Content/Space/BluePrints/Planet/Cursor.uasset" 146
"../../../Space/Content/Space/Images/Planet/Node/Node_On.uasset" 147
"../../../Space/Content/Space/Images/Planet/Node/Node_On_Sprite.uasset" 148
"../../../Space/Content/Space/Images/Planet/Node/Node.uasset" 149
"../../../Space/Content/Space/Images/Planet/Node/Node_Sprite.uasset" 150
"../../../Space/Content/Space/BluePrints/Planet/Node/NormalNode.uasset" 151
"../../../Space/Content/StarterContent/Textures/T_Wood_Oak_D.uasset" 152
"../../../Space/Content/StarterContent/Textures/T_Wood_Oak_N.uasset" 153
"../../../Space/Content/StarterContent/Materials/M_Wood_Oak.uasset" 154
"../../../Space/Content/Space/BluePrints/Planet/Planet.uasset" 155
"../../../Space/Content/Space/Levels/PlanetOne.umap" 156
"../../../Space/Content/StarterContent/Audio/Fire01.uasset" 157
"../../../Space/Content/StarterContent/Audio/Fire01_Cue.uasset" 158
"../../../Space/Content/StarterContent/Textures/T_Fire_SubUV.uasset" 159
"../../../Space/Content/StarterContent/Textures/T_Fire_Tiled_D.uasset" 160
"../../../Space/Content/StarterContent/Particles/Materials/M_Fire_SubUV.uasset" 161
"../../../Space/Content/StarterContent/Textures/T_Water_N.uasset" 162
"../../../Space/Content/StarterContent/Particles/Materials/M_Heat_Distortion.uasset" 163
"../../../Space/Content/StarterContent/Particles/Materials/M_Radial_Gradient.uasset" 164
"../../../Space/Content/StarterContent/Particles/Materials/M_smoke_subUV.uasset" 165
"../../../Space/Content/StarterContent/Particles/P_Fire.uasset" 166
"../../../Space/Content/StarterContent/Blueprints/Blueprint_Effect_Fire.uasset" 167
"../../../Space/Content/StarterContent/Audio/Smoke01.uasset" 168
"../../../Space/Content/StarterContent/Audio/Smoke01_Cue.uasset" 169
"../../../Space/Content/StarterContent/Particles/P_Smoke.uasset" 170
"../../../Space/Content/StarterContent/Blueprints/Blueprint_Effect_Smoke.uasset" 171
"../../../Space/Content/StarterContent/Audio/Fire_Sparks01.uasset" 172
"../../../Space/Content/StarterContent/Audio/Fire_Sparks01_Cue.uasset" 173
"../../../Space/Content/StarterContent/Textures/T_Spark_Core.uasset" 174
"../../../Space/Content/StarterContent/Particles/Materials/M_Spark.uasset" 175
"../../../Space/Content/StarterContent/Particles/P_Sparks.uasset" 176
"../../../Space/Content/StarterContent/Blueprints/Blueprint_Effect_Sparks.uasset" 177
"../../../Space/Content/StarterContent/Audio/Steam01.uasset" 178
"../../../Space/Content/StarterContent/Audio/Steam01_Cue.uasset" 179
"../../../Space/Content/StarterContent/Particles/P_Steam_Lit.uasset" 180
"../../../Space/Content/StarterContent/Blueprints/Blueprint_Effect_Steam.uasset" 181
"../../../Space/Content/StarterContent/Textures/T_Lamp_M.uasset" 182
"../../../Space/Content/StarterContent/Textures/T_Lamp_N.uasset" 183
"../../../Space/Content/StarterContent/Props/Materials/M_Lamp.uasset" 184
"../../../Space/Content/StarterContent/Props/SM_Lamp_Ceiling.uasset" 185
"../../../Space/Content/StarterContent/Blueprints/Blueprint_CeilingLight.uasset" 186
"../../../Space/Content/StarterContent/Props/SM_Lamp_Wall.uasset" 187
"../../../Space/Content/StarterContent/Blueprints/Blueprint_WallSconce.uasset" 188
"../../../Engine/Content/EngineFonts/RobotoDistanceField.uasset" 189
"../../../Engine/Content/Functions/Engine_MaterialFunctions03/Procedurals/ComputeFilterWidth.uasset" 190
"../../../Engine/Content/EngineMaterials/AntiAliasedTextMaterialTranslucent.uasset" 191
"../../../Space/Content/StarterContent/Textures/T_Brick_Clay_Beveled_D.uasset" 192
"../../../Space/Content/StarterContent/Textures/T_Brick_Clay_Beveled_M.uasset" 193
"../../../Space/Content/StarterContent/Textures/T_Brick_Clay_Beveled_N.uasset" 194
"../../../Space/Content/StarterContent/Materials/M_Brick_Clay_Beveled.uasset" 195
"../../../Space/Content/StarterContent/Textures/T_Brick_Clay_New_D.uasset" 196
"../../../Space/Content/StarterContent/Textures/T_Brick_Clay_New_M.uasset" 197
"../../../Space/Content/StarterContent/Textures/T_Brick_Clay_New_N.uasset" 198
"../../../Space/Content/StarterContent/Textures/T_Detail_Rocky_N.uasset" 199
"../../../Space/Content/StarterContent/Materials/M_Brick_Clay_New.uasset" 200
"../../../Space/Content/StarterContent/Textures/T_Brick_Clay_Old_D.uasset" 201
"../../../Space/Content/StarterContent/Textures/T_Brick_Clay_Old_N.uasset" 202
"../../../Space/Content/StarterContent/Textures/T_Perlin_Noise_M.uasset" 203
"../../../Space/Content/StarterContent/Materials/M_Brick_Clay_Old.uasset" 204
"../../../Space/Content/StarterContent/Textures/T_Brick_Cut_Stone_D.uasset" 205
"../../../Space/Content/StarterContent/Textures/T_Brick_Cut_Stone_N.uasset" 206
"../../../Space/Content/StarterContent/Materials/M_Brick_Cut_Stone.uasset" 207
"../../../Space/Content/StarterContent/Textures/T_Brick_Hewn_Stone_D.uasset" 208
"../../../Space/Content/StarterContent/Textures/T_Brick_Hewn_Stone_M.uasset" 209
"../../../Space/Content/StarterContent/Textures/T_Brick_Hewn_Stone_N.uasset" 210
"../../../Space/Content/StarterContent/Materials/M_Brick_Hewn_Stone.uasset" 211
"../../../Space/Content/StarterContent/Textures/T_Ceramic_Tile_M.uasset" 212
"../../../Space/Content/StarterContent/Textures/T_Ceramic_Tile_N.uasset" 213
"../../../Space/Content/StarterContent/Textures/T_Rock_Marble_Polished_D.uasset" 214
"../../../Space/Content/StarterContent/Materials/M_Ceramic_Tile_Checker.uasset" 215
"../../../Space/Content/StarterContent/Textures/T_CobbleStone_Pebble_D.uasset" 216
"../../../Space/Content/StarterContent/Textures/T_CobbleStone_Pebble_M.uasset" 217
"../../../Space/Content/StarterContent/Textures/T_CobbleStone_Pebble_N.uasset" 218
"../../../Space/Content/StarterContent/Materials/M_CobbleStone_Pebble.uasset" 219
"../../../Space/Content/StarterContent/Textures/T_CobbleStone_Rough_D.uasset" 220
"../../../Space/Content/StarterContent/Textures/T_CobbleStone_Rough_N.uasset" 221
"../../../Space/Content/StarterContent/Textures/T_Gradinet_01.uasset" 222
"../../../Space/Content/StarterContent/Textures/T_Rock_Smooth_Granite_D.uasset" 223
"../../../Space/Content/StarterContent/Materials/M_CobbleStone_Rough.uasset" 224
"../../../Space/Content/StarterContent/Textures/T_CobbleStone_Smooth_D.uasset" 225
"../../../Space/Content/StarterContent/Textures/T_CobbleStone_Smooth_M.uasset" 226
"../../../Space/Content/StarterContent/Textures/T_CobbleStone_Smooth_N.uasset" 227
"../../../Space/Content/StarterContent/Materials/M_CobbleStone_Smooth.uasset" 228
"../../../Space/Content/StarterContent/Textures/T_Concrete_Grime_D.uasset" 229
"../../../Space/Content/StarterContent/Textures/T_Metal_Rust_N.uasset" 230
"../../../Space/Content/StarterContent/Materials/M_Concrete_Grime.uasset" 231
"../../../Space/Content/StarterContent/Textures/T_Concrete_Panels_D.uasset" 232
"../../../Space/Content/StarterContent/Textures/T_Concrete_Panels_N.uasset" 233
"../../../Space/Content/StarterContent/Materials/M_Concrete_Panels.uasset" 234
"../../../Space/Content/StarterContent/Textures/T_Concrete_Poured_D.uasset" 235
"../../../Space/Content/StarterContent/Textures/T_Concrete_Poured_N.uasset" 236
"../../../Space/Content/StarterContent/Materials/M_Concrete_Poured.uasset" 237
"../../../Space/Content/StarterContent/Textures/T_Concrete_Tiles_D.uasset" 238
"../../../Space/Content/StarterContent/Textures/T_Concrete_Tiles_M.uasset" 239
"../../../Space/Content/StarterContent/Textures/T_Concrete_Tiles_N.uasset" 240
"../../../Space/Content/StarterContent/Textures/T_Concrete_Tiles_Variation_M.uasset" 241
"../../../Space/Content/StarterContent/Materials/M_Concrete_Tiles.uasset" 242
"../../../Space/Content/StarterContent/Textures/T_Ground_Grass_D.uasset" 243
"../../../Space/Content/StarterContent/Textures/T_Ground_Grass_N.uasset" 244
"../../../Space/Content/StarterContent/Materials/M_Ground_Grass.uasset" 245
"../../../Space/Content/StarterContent/Textures/T_Ground_Gravel_D.uasset" 246
"../../../Space/Content/StarterContent/Textures/T_Ground_Gravel_N.uasset" 247
"../../../Space/Content/StarterContent/Materials/M_Ground_Gravel.uasset" 248
"../../../Space/Content/StarterContent/Textures/T_ground_Moss_D.uasset" 249
"../../../Space/Content/StarterContent/Textures/T_Ground_Moss_N.uasset" 250
"../../../Space/Content/StarterContent/Materials/M_Ground_Moss.uasset" 251
"../../../Space/Content/StarterContent/Materials/M_Metal_Chrome.uasset" 252
"../../../Engine/Content/Functions/Engine_MaterialFunctions02/Utility/BlendAngleCorrectedNormals.uasset" 253
"../../../Space/Content/StarterContent/Textures/T_Metal_Rust_D.uasset" 254
"../../../Space/Content/StarterContent/Materials/M_Metal_Rust.uasset" 255
"../../../Space/Content/StarterContent/Textures/T_Metal_Steel_D.uasset" 256
"../../../Space/Content/StarterContent/Textures/T_Metal_Steel_N.uasset" 257
"../../../Space/Content/StarterContent/Materials/M_Metal_Steel.uasset" 258
"../../../Space/Content/StarterContent/Textures/T_Rock_Basalt_D.uasset" 259
"../../../Space/Content/StarterContent/Textures/T_Rock_Basalt_N.uasset" 260
"../../../Space/Content/StarterContent/Materials/M_Rock_Basalt.uasset" 261
"../../../Space/Content/StarterContent/Materials/M_Rock_Marble_Polished.uasset" 262
"../../../Space/Content/StarterContent/Textures/T_Rock_Sandstone_D.uasset" 263
"../../../Space/Content/StarterContent/Textures/T_Rock_Sandstone_N.uasset" 264
"../../../Space/Content/StarterContent/Materials/M_Rock_Sandstone.uasset" 265
"../../../Space/Content/StarterContent/Textures/T_Rock_Slate_D.uasset" 266
"../../../Space/Content/StarterContent/Textures/T_Rock_Slate_N.uasset" 267
"../../../Space/Content/StarterContent/Materials/M_Rock_Slate.uasset" 268
"../../../Space/Content/StarterContent/Textures/T_Checker_Noise_M.uasset" 269
"../../../Space/Content/StarterContent/Textures/T_Single_Tile_N.uasset" 270
"../../../Space/Content/StarterContent/Textures/T_Tech_Dot_M.uasset" 271
"../../../Space/Content/StarterContent/Textures/T_Tech_Dot_N.uasset" 272
"../../../Space/Content/StarterContent/Materials/M_Tech_Checker_Dot.uasset" 273
"../../../Space/Content/StarterContent/Textures/T_Tech_Hex_Tile_M.uasset" 274
"../../../Space/Content/StarterContent/Textures/T_Tech_Hex_Tile_N.uasset" 275
"../../../Space/Content/StarterContent/Materials/M_Tech_Hex_Tile.uasset" 276
"../../../Space/Content/StarterContent/Materials/M_Tech_Hex_Tile_Pulse.uasset" 277
"../../../Space/Content/StarterContent/Textures/T_Tech_Panel_M.uasset" 278
"../../../Space/Content/StarterContent/Textures/T_Tech_Panel_N.uasset" 279
"../../../Space/Content/StarterContent/Materials/M_Tech_Panel.uasset" 280
"../../../Space/Content/StarterContent/Materials/M_Water_Lake.uasset" 281
"../../../Space/Content/StarterContent/Textures/T_Water_M.uasset" 282
"../../../Space/Content/StarterContent/Materials/M_Water_Ocean.uasset" 283
"../../../Space/Content/StarterContent/Textures/T_Wood_Floor_Walnut_D.uasset" 284
"../../../Space/Content/StarterContent/Textures/T_Wood_Floor_Walnut_M.uasset" 285
"../../../Space/Content/StarterContent/Textures/T_Wood_Floor_Walnut_N.uasset" 286
"../../../Space/Content/StarterContent/Materials/M_Wood_Floor_Walnut_Polished.uasset" 287
"../../../Engine/Content/Functions/Engine_MaterialFunctions01/Opacity/AlphaOffset.uasset" 288
"../../../Space/Content/StarterContent/Materials/M_Wood_Floor_Walnut_Worn.uasset" 289
"../../../Space/Content/StarterContent/Textures/T_Wood_Pine_D.uasset" 290
"../../../Space/Content/StarterContent/Textures/T_Wood_Pine_N.uasset" 291
"../../../Space/Content/StarterContent/Materials/M_Wood_Pine.uasset" 292
"../../../Space/Content/StarterContent/Textures/T_Wood_Walnut_D.uasset" 293
"../../../Space/Content/StarterContent/Textures/T_Wood_Walnut_N.uasset" 294
"../../../Space/Content/StarterContent/Materials/M_Wood_Walnut.uasset" 295
"../../../Space/Content/StarterContent/Architecture/Wall_400x200.uasset" 296
"../../../Space/Content/StarterContent/Architecture/Wall_Door_400x300.uasset" 297
"../../../Space/Content/StarterContent/Architecture/Wall_Window_400x300.uasset" 298
"../../../Space/Content/StarterContent/Audio/Collapse01.uasset" 299
"../../../Space/Content/StarterContent/Audio/Collapse02.uasset" 300
"../../../Space/Content/StarterContent/Audio/Collapse_Cue.uasset" 301
"../../../Space/Content/StarterContent/Audio/Starter_Music01.uasset" 302
"../../../Space/Content/StarterContent/Audio/Starter_Music_Cue.uasset" 303
"../../../Space/Content/StarterContent/Textures/T_Dust_Particle_D.uasset" 304
"../../../Space/Content/StarterContent/Particles/Materials/M_Dust_Particle.uasset" 305
"../../../Space/Content/StarterContent/Particles/P_Ambient_Dust.uasset" 306
"../../../Space/Content/StarterContent/Props/MaterialSphere.uasset" 307
"../../../Space/Content/StarterContent/Textures/T_Frame_M.uasset" 308
"../../../Space/Content/StarterContent/Textures/T_Frame_N.uasset" 309
"../../../Space/Content/StarterContent/Props/Materials/M_Frame.uasset" 310
"../../../Space/Content/StarterContent/Props/SM_CornerFrame.uasset" 311
"../../../Space/Content/StarterContent/Props/SM_DoorFrame.uasset" 312
"../../../Space/Content/StarterContent/Materials/M_Glass.uasset" 313
"../../../Space/Content/StarterContent/Props/SM_GlassWindow.uasset" 314
"../../../Space/Content/StarterContent/Props/SM_PillarFrame.uasset" 315
"../../../Space/Content/StarterContent/Props/SM_PillarFrame300.uasset" 316
"../../../Space/Content/StarterContent/Props/SM_WindowFrame.uasset" 317
"../../../Space/Content/StarterContent/Shapes/Shape_Cube.uasset" 318
"../../../Space/Content/StarterContent/Shapes/Shape_QuadPyramid.uasset" 319
"../../../Space/Content/StarterContent/Shapes/Shape_Sphere.uasset" 320
"../../../Space/Content/StarterContent/Maps/StarterMap.umap" 321
"../../../Space/Content/Space/Images/MousePoint/GunSight.uasset" 322
"../../../Space/Content/Space/Images/MousePoint/GunSight_Sprite.uasset" 323
"../../../Space/Content/Space/BluePrints/MousePoint/MousePoint.uasset" 324
"../../../Space/Content/Space/Images/Ship/Ship_0.uasset" 325
"../../../Space/Content/Space/Images/Ship/Ship_0_Sprite.uasset" 326
"../../../Space/Content/Space/BluePrints/Ship/Body_0.uasset" 327
"../../../Space/Content/Space/BluePrints/Ship/Body_1_normal.uasset" 328
"../../../Space/Content/Space/Images/Ship/Ship_2.uasset" 329
"../../../Space/Content/Space/Images/Ship/Ship_2_Sprite.uasset" 330
"../../../Space/Content/Space/BluePrints/Ship/Body_2_big.uasset" 331
"../../../Space/Content/Space/BluePrints/Ship/Core_1_normal.uasset" 332
"../../../Space/Content/Space/BluePrints/Ship/Core_3_normal3.uasset" 333
"../../../Space/Content/Space/BluePrints/Ship/Engine_1_normal.uasset" 334
"../../../Space/Content/Space/Images/Skills/Blink/BlinkEffect.uasset" 335
"../../../Space/Content/Space/Material/BlinkEffectRefraction.uasset" 336
"../../../Space/Content/Space/Images/Skills/Blink/BlinkEffectMaterial.uasset" 337
"../../../Space/Content/Space/Particle/Blink_Particle.uasset" 338
"../../../Space/Content/Space/BluePrints/Skills/Blink/BlinkEffect.uasset" 339
"../../../Space/Content/Space/Images/Skills/Blink/Skill_Blink_Disable.uasset" 340
"../../../Space/Content/Space/Images/Skills/Blink/Skill_Blink_Enable.uasset" 341
"../../../Space/Content/Space/BluePrints/Skills/Skill_Blink.uasset" 342
"../../../Space/Content/Space/Particle/Materials/M_Fire_SubUV.uasset" 343
"../../../Space/Content/Space/Particle/Materials/M_Heat_Distortion.uasset" 344
"../../../Space/Content/Space/Particle/Materials/M_Radial_Gradient.uasset" 345
"../../../Space/Content/Space/BluePrints/Weapons/Laser/P_Fire.uasset" 346
"../../../Space/Content/Space/Particle/LaserEffect.uasset" 347
"../../../Space/Content/Space/Sounds/Laser_Blasts-SoundBible_com-108608437.uasset" 348
"../../../Space/Content/Space/Sounds/LaserBlasts.uasset" 349
"../../../Space/Content/StarterContent/Audio/Explosion01.uasset" 350
"../../../Space/Content/StarterContent/Audio/Explosion02.uasset" 351
"../../../Space/Content/StarterContent/Audio/Explosion_Cue.uasset" 352
"../../../Space/Content/Space/BluePrints/Weapons/Laser/LaserEffect.uasset" 353
"../../../Space/Content/Space/Particle/Materials/M_Spark.uasset" 354
"../../../Space/Content/Space/Particle/P_Sparks.uasset" 355
"../../../Space/Content/Space/BluePrints/Weapons/Laser/LaserEffect2.uasset" 356
"../../../Space/Content/Space/BluePrints/Weapons/GunBarrel.uasset" 357
"../../../Space/Content/Space/Images/Laser/AssistanceLine-Color.uasset" 358
"../../../Space/Content/Space/Images/Laser/AssistanceLine-Color_Sprite.uasset" 359
"../../../Space/Content/Space/BluePrints/Weapons/Laser/LaserAssistanceLine.uasset" 360
"../../../Space/Content/Space/BluePrints/Weapons/Laser/LaserGunBarrel.uasset" 361
"../../../Space/Content/Space/Images/Laser/Laser2.uasset" 362
"../../../Space/Content/Space/Images/Laser/Laser2Sprite.uasset" 363
"../../../Space/Content/Space/BluePrints/Weapons/Laser/BigLaserGun.uasset" 364
"../../../Space/Content/Space/Images/Laser/LaserSprite.uasset" 365
"../../../Space/Content/Space/BluePrints/Weapons/Laser/SmallLaserGun.uasset" 366
"../../../Space/Content/Space/AI/Missile_AI_Blackboard.uasset" 367
"../../../Space/Content/Space/AI/MissileAgroCheck.uasset" 368
"../../../Space/Content/Space/AI/MissileRapidMoveTo.uasset" 369
"../../../Space/Content/Space/AI/Missile_AI_BT.uasset" 370
"../../../Space/Content/Space/AI/Missile_AI_Controller.uasset" 371
"../../../Space/Content/Space/Images/Missile/Missile1.uasset" 372
"../../../Space/Content/Space/Images/Missile/Missile1_.uasset" 373
"../../../Space/Content/Space/Particle/MissileLine.uasset" 374
"../../../Space/Content/Space/BluePrints/Weapons/Missile/Missile_BP.uasset" 375
"../../../Space/Content/Space/BluePrints/Weapons/Missile/MissileAssistanceLine.uasset" 376
"../../../Space/Content/Space/BluePrints/Weapons/Missile/MissileGunBarrel.uasset" 377
"../../../Space/Content/Space/Images/Missile/MissileGunBarrel1.uasset" 378
"../../../Space/Content/Space/Images/Missile/MissileGunBarrel1_.uasset" 379
"../../../Space/Content/Space/BluePrints/Weapons/Missile/MissileBarrel1.uasset" 380
"../../../Space/Content/Space/Images/Planet/planet_back.uasset" 381
"../../../Space/Content/Space/Images/Planet/planet_light.uasset" 382
"../../../Space/Content/Space/Images/Planet/Planet_1_Mat.uasset" 383
"../../../Space/Content/Space/Images/Background/Stars.uasset" 384
"../../../Space/Content/Space/Images/Background/Stars_Sprite.uasset" 385
"../../../Space/Content/Space/Levels/Space.umap" 386
"../../../Engine/Content/EngineMaterials/DefaultDiffuse.uasset" 387
"../../../Engine/Content/EngineMaterials/DefaultNormal.uasset" 388
"../../../Engine/Content/Maps/Entry.umap" 389
"../../../Engine/Content/EditorResources/S_Actor.uasset" 390
"../../../Engine/Content/Maps/Templates/Thumbnails/Default.uasset" 391
"../../../Engine/Content/EditorMaterials/ParticleSystems/PSysThumbnail_NoImage.uasset" 392
"../../../Engine/Content/EditorMaterials/ParticleSystems/PSysThumbnail_OOD.uasset" 393
"../../../Engine/Content/EditorLandscapeResources/DataLayer.uasset" 394
"../../../Engine/Content/EngineFonts/Roboto.uasset" 395
"../../../Engine/Content/Functions/Engine_MaterialFunctions01/Shading/PowerToRoughness.uasset" 396
"../../../Engine/Content/EngineMaterials/DefaultDeferredDecalMaterial.uasset" 397
"../../../Engine/Content/EngineMaterials/DefaultLightFunctionMaterial.uasset" 398
"../../../Engine/Content/Functions/Engine_MaterialFunctions02/Utility/BreakOutFloat2Components.uasset" 399
"../../../Engine/Content/EngineMaterials/DefaultPostProcessMaterial.uasset" 400
"../../../Engine/Content/EngineResources/DefaultTexture.uasset" 401
"../../../Engine/Content/Functions/Engine_MaterialFunctions02/Texturing/ScreenAlignedUVs.uasset" 402
"../../../Engine/Content/EngineResources/WhiteSquareTexture.uasset" 403
"../../../Engine/Content/EngineMaterials/Widget3DPassThrough.uasset" 404
"../../../Engine/Content/EngineMaterials/Widget3DPassThrough_Translucent.uasset" 405
"../../../Engine/Content/EngineMaterials/Widget3DPassThrough_Translucent_OneSided.uasset" 406
"../../../Engine/Content/EngineMaterials/Widget3DPassThrough_Opaque.uasset" 407
"../../../Engine/Content/EngineMaterials/Widget3DPassThrough_Opaque_OneSided.uasset" 408
"../../../Engine/Content/EngineMaterials/Widget3DPassThrough_Masked.uasset" 409
"../../../Engine/Content/EngineMaterials/Widget3DPassThrough_Masked_OneSided.uasset" 410
"../../../Engine/Content/EngineDamageTypes/DmgTypeBP_Environmental.uasset" 411
"../../../Engine/Content/EngineMeshes/Sphere.uasset" 412
"../../../Engine/Content/EngineMaterials/DefaultTextMaterialOpaque.uasset" 413
"../../../Engine/Content/EditorResources/S_Trigger.uasset" 414
"../../../Engine/Content/EngineResources/GradientTexture0.uasset" 415
"../../../Engine/Content/EngineResources/Black.uasset" 416
"../../../Engine/Content/EditorMaterials/MatineeGroups/MAT_Groups_Float.uasset" 417
"../../../Engine/Content/EditorMaterials/MatineeGroups/MAT_Groups_Director.uasset" 418
"../../../Engine/Content/EditorMaterials/MatineeGroups/MAT_Groups_Event.uasset" 419
"../../../Engine/Content/EditorMaterials/MatineeGroups/MAT_Groups_Anim.uasset" 420
"../../../Engine/Content/EditorMaterials/MatineeGroups/MAT_Groups_Fade.uasset" 421
"../../../Engine/Content/EditorMaterials/MatineeGroups/MAT_Groups_Move.uasset" 422
"../../../Engine/Content/EditorMaterials/MatineeGroups/MAT_Groups_Slomo.uasset" 423
"../../../Engine/Content/EditorMaterials/MatineeGroups/MAT_ColorTrack.uasset" 424
"../../../Engine/Content/EditorMaterials/MAT_Groups_Toggle.uasset" 425
"../../../Engine/Content/EditorMaterials/MatineeGroups/MAT_Groups_AudioMaster.uasset" 426
"../../../Engine/Content/EditorMaterials/MatineeGroups/MAT_Groups_Sound.uasset" 427
"../../../Engine/Content/EditorMaterials/MatineeGroups/MAT_Groups_Vector.uasset" 428
"../../../Engine/Content/EditorMaterials/MAT_Groups_Visibility.uasset" 429
"../../../Engine/Content/EngineResources/DefaultTextureCube.uasset" 430
"../../../Engine/Content/EngineMeshes/Cylinder.uasset" 431
"../../../Engine/Content/EngineTireTypes/DefaultTireType.uasset" 432
"../../../Engine/Content/EngineResources/AICON-Red.uasset" 433
"../../../Engine/Content/EngineResources/AICON-Green.uasset" 434
"../../../Engine/Content/Tutorial/Basics/LevelEditorAttract.uasset" 435
"../../../Engine/Content/Tutorial/ContentIntroCurve.uasset" 436
"../../../Engine/Plugins/2D/Paper2D/Content/MaskedUnlitSpriteMaterial.uasset" 437
"../../../Engine/Plugins/2D/Paper2D/Content/OpaqueUnlitSpriteMaterial.uasset" 438
"../../../Engine/Plugins/2D/Paper2D/Content/DummySprite.uasset" 439
"../../../Engine/Plugins/2D/Paper2D/Content/DefaultPaperTerrainMaterial.uasset" 440
"../../../Engine/Content/EngineMaterials/RemoveSurfaceMaterial.uasset" 441
"../../../Engine/Content/EngineDebugMaterials/DebugMeshMaterial.uasset" 442
"../../../Engine/Content/EngineMaterials/InvalidLightmapSettings.uasset" 443
"../../../Engine/Content/EngineMaterials/M_InvalidLightmapSettings.uasset" 444
"../../../Engine/Content/EditorMaterials/GizmoMaterial.uasset" 445
"../../../Engine/Content/EngineMaterials/Good64x64TilingNoiseHighFreq.uasset" 446
"../../../Engine/Content/EngineMaterials/DefaultBokeh.uasset" 447
"../../../Engine/Content/EngineMaterials/PreintegratedSkinBRDF.uasset" 448
"../../../Engine/Content/EngineMaterials/MiniFont.uasset" 449
"../../../Engine/Content/EngineMaterials/WeightMapPlaceholderTexture.uasset" 450
"../../../Engine/Content/EngineMaterials/DefaultPhysicalMaterial.uasset" 451
"../../../Engine/Content/EngineFonts/RobotoTiny.uasset" 452
"../../../Space/Content/Space/Particle/LaserEffect3.uasset" 453
"../../../Space/Content/Space/BluePrints/Weapons/Laser/LaserEffect3.uasset" 454
"../../../Space/Content/Space/Particle/Materials/M_Dust_Particle.uasset" 455
"../../../Space/Content/Space/Particle/P_Ambient_Dust.uasset" 456
"../../../Space/Content/StarterContent/Shapes/Shape_Cone.uasset" 457
"../../../Space/Content/StarterContent/Shapes/Shape_Cylinder.uasset" 458
"../../../Space/Content/StarterContent/Shapes/Shape_NarrowCapsule.uasset" 459
"../../../Engine/Content/MobileResources/HUD/MobileHUDDirectionPad3.uasset" 460
"../../../Space/Content/Space/AI/AI_Character.uasset" 461
"../../../Space/Content/Space/AI/AIAttackPoint.uasset" 462
"../../../Space/Content/Space/AI/MissileCloseEnough.uasset" 463
"../../../Space/Content/Space/AI/UnitCloseEnough.uasset" 464
"../../../Space/Content/Space/Material/BlinkEffect.uasset" 465
"../../../Space/Content/Space/BluePrints/aa.uasset" 466
"../../../Space/Content/Space/BluePrints/Item/Resource.uasset" 467
"../../../Space/Content/Space/BluePrints/Item/Food.uasset" 468
"../../../Space/Content/Space/BluePrints/Item/Iron.uasset" 469
"../../../Space/Content/Space/BluePrints/Planet/Node.uasset" 470
"../../../Space/Content/Space/BluePrints/Planet/ViewAllButton.uasset" 471
"../../../Space/Content/Space/BluePrints/Planet/ShopWidget.uasset" 472
"../../../Space/Content/Space/BluePrints/Planet/Node/ShopNode.uasset" 473
"../../../Space/Content/Space/BluePrints/Planet/Node/Start.uasset" 474
"../../../Space/Content/Space/BluePrints/Resource/resourceStructure.uasset" 475
"../../../Space/Content/Space/BluePrints/Resource/resource.uasset" 476
"../../../Space/Content/Space/BluePrints/Resource/food.uasset" 477
"../../../Space/Content/Space/BluePrints/Resource/iron.uasset" 478
"../../../Engine/Content/MobileResources/HUD/T_Castle_ThumbstickInner.uasset" 479
"../../../Engine/Content/MobileResources/HUD/MobileHUDButtonFire.uasset" 480
"../../../Engine/Content/MobileResources/HUD/MobileHUDButton2_on.uasset" 481
"../../../Engine/Content/MobileResources/HUD/MobileHUDButton1_off.uasset" 482
"../../../Engine/Content/EditorResources/EmptyActor.uasset" 483
"../../../Engine/Content/EditorResources/S_KBSJoint.uasset" 484
"../../../Engine/Content/EditorResources/AudioIcons/S_AudioComponent_AutoActivate.uasset" 485
"../../../Engine/Content/EditorResources/AudioIcons/S_AudioComponent.uasset" 486
"../../../Space/Content/Space/Images/UI/Skill_Barrier.uasset" 487
"../../../Space/Content/Space/Images/Skills/Barrier/Skill_Barrier_On_Sprite.uasset" 488
"../../../Space/Content/Space/Images/Skills/Barrier/Skill_Barrier_Off_Sprite.uasset" 489
"../../../Engine/Content/EngineMaterials/OrientParticle.uasset" 490
"../../../Engine/Content/EngineMaterials/DefaultParticle.uasset" 491
"../../../Space/Content/Space/BluePrints/Weapons/Laser/LIneParticle.uasset" 492
"../../../Space/Content/Space/BluePrints/Weapons/Laser/LaserGunBarrel2.uasset" 493
"../../../Engine/Content/MobileResources/HUD/MobileHUDDirectionPad.uasset" 494
"../../../Space/Content/Space/Images/Ship/Normal_Ship.uasset" 495
"../../../Space/Content/Space/Images/Ship/Normal_Ship_Mat.uasset" 496
"../../../Space/Content/StarterContent/Shapes/Shape_WideCapsule.uasset" 497
"../../../Space/Content/StarterContent/Shapes/Shape_Wedge_B.uasset" 498
"../../../Space/Content/StarterContent/Shapes/Shape_Wedge_A.uasset" 499
"../../../Space/Content/StarterContent/Shapes/Shape_Tube.uasset" 500
"../../../Space/Content/StarterContent/Shapes/Shape_TriPyramid.uasset" 501
"../../../Space/Content/StarterContent/Shapes/Shape_Trim_90_Out.uasset" 502
"../../../Space/Content/StarterContent/Shapes/Shape_Trim_90_In.uasset" 503
"../../../Space/Content/StarterContent/Shapes/Shape_Trim.uasset" 504
"../../../Space/Content/StarterContent/Shapes/Shape_Torus.uasset" 505
"../../../Space/Content/StarterContent/Shapes/Shape_Plane.uasset" 506
"../../../Space/Content/StarterContent/Shapes/Shape_Pipe_90.uasset" 507
"../../../Space/Content/StarterContent/Shapes/Shape_Pipe_180.uasset" 508
"../../../Space/Content/StarterContent/Shapes/Shape_Pipe.uasset" 509
"../../../Engine/Content/MobileResources/HUD/MobileHUDButton3.uasset" 510
"../../../Engine/Content/MobileResources/T_MobileMenu2.uasset" 511
"../../../Space/Content/Space/Particle/P_Smoke.uasset" 512
"../../../Space/Content/Space/Images/Skills/Barrier/Barrier2DMat.uasset" 513
"../../../Space/Content/Space/Images/Skills/Barrier/Barrier2DSprite.uasset" 514
"../../../Space/Content/Space/Images/Ship/NewPaperSprite.uasset" 515
"../../../Space/Content/Space/Images/Planet/planet_magma.uasset" 516
"../../../Space/Content/Space/Images/Planet/Magma.uasset" 517
"../../../Space/Content/Space/Images/Laser/RedMaterial.uasset" 518
"../../../Space/Content/Space/Images/Planet/planet.uasset" 519
"../../../Space/Content/Space/Images/MousePoint/MousePoint.uasset" 520
"../../../Space/Content/Space/Images/MousePoint/MousePointSprite.uasset" 521
"../../../Space/Content/Space/Images/Background/Background.uasset" 522
"../../../Space/Content/Space/Images/Background/Background_Sprite.uasset" 523
"../../../Engine/Content/MobileResources/HUD/VirtualJoystick_Background.uasset" 524
"../../../Engine/Content/MobileResources/HUD/VirtualJoystick_Thumb.uasset" 525
"../../../Engine/Content/MobileResources/HUD/LeftVirtualJoystickOnly.uasset" 526
"../../../Engine/Content/EditorResources/LightIcons/S_LightError.uasset" 527
"../../../Space/Content/Space/Images/Skills/Barrier/Barrier2.uasset" 528
"../../../Space/Content/Space/Images/Skills/Barrier/BarrierMat.uasset" 529
"../../../Engine/Content/MobileResources/HUD/MobileHUDButton2_off.uasset" 530
"../../../Space/Content/Space/BluePrints/Weapons/Missile/MissileGunBarrel1.uasset" 531
"../../../Engine/Content/EditorMaterials/PhAT_JointLimitMaterial.uasset" 532
"../../../Engine/Content/EditorMaterials/PreviewShadowIndicator.uasset" 533
"../../../Engine/Content/EditorMaterials/PreviewShadowIndicatorMaterial.uasset" 534
"../../../Engine/Content/EditorResources/BSPVertex.uasset" 535
"../../../Engine/Content/EngineDebugMaterials/HeatmapGradient.uasset" 536
"../../../Engine/Content/EngineDebugMaterials/BoneWeightMaterial.uasset" 537
"../../../Engine/Content/EngineDebugMaterials/GeomMaterial.uasset" 538
"../../../Engine/Content/Functions/Engine_MaterialFunctions01/Shading/ConvertFromDiffSpec.uasset" 539
"../../../Engine/Content/EngineDebugMaterials/LevelColorationLitMaterial.uasset" 540
"../../../Engine/Content/EngineDebugMaterials/LevelColorationUnlitMaterial.uasset" 541
"../../../Engine/Content/EngineMaterials/DefaultWhiteGrid.uasset" 542
"../../../Engine/Content/EngineDebugMaterials/MAT_LevelColorationLitLightmapUV.uasset" 543
"../../../Engine/Content/EngineDebugMaterials/ShadedLevelColorationLitMaterial.uasset" 544
"../../../Engine/Content/EngineDebugMaterials/ShadedLevelColorationUnlitMateri.uasset" 545
"../../../Engine/Content/EngineDebugMaterials/VertexColorMaterial.uasset" 546
"../../../Engine/Content/EngineDebugMaterials/VertexColorViewMode_AlphaAsColor.uasset" 547
"../../../Engine/Content/EngineDebugMaterials/VertexColorViewMode_BlueOnly.uasset" 548
"../../../Engine/Content/EngineDebugMaterials/VertexColorViewMode_ColorOnly.uasset" 549
"../../../Engine/Content/EngineDebugMaterials/VertexColorViewMode_GreenOnly.uasset" 550
"../../../Engine/Content/EngineDebugMaterials/VertexColorViewMode_RedOnly.uasset" 551
"../../../Engine/Content/EngineDebugMaterials/WireframeMaterial.uasset" 552
"../../../Engine/Content/EngineMaterials/EditorBrushMaterial.uasset" 553
"../../../Engine/Content/MobileResources/T_MobileControls_texture.uasset" 554
"../../../Engine/Content/MobileResources/HUD/AnalogHat.uasset" 555
"../../../Engine/Content/MobileResources/HUD/DefaultVirtualJoysticks.uasset" 556
"../../../Engine/Content/MobileResources/HUD/MobileHUDButton1_on.uasset" 557
"../../../Engine/Content/MobileResources/HUD/MobileHUDDirectionPad2.uasset" 558
"../../../Engine/Content/MobileResources/HUD/MobileHUDDirectionStick.uasset" 559
"../../../Engine/Content/MobileResources/HUD/T_Castle_ThumbstickOutter.uasset" 560
"../../../Engine/Content/Tutorial/Basics/TutorialAssets/icon_tab_Levels_40x.uasset" 561
"../../../Engine/Content/Tutorial/Basics/LevelEditorOverview.uasset" 562
"../../../Engine/Content/Tutorial/BlueprintTutorials/TutorialAssets/Blueprint_64x.uasset" 563
"../../../Engine/Content/Tutorial/BlueprintTutorials/BlueprintEditorTutorial.uasset" 564
"../../../Engine/Content/Tutorial/BlueprintTutorials/TutorialAssets/BlueprintInterface_64x.uasset" 565
"../../../Engine/Content/Tutorial/BlueprintTutorials/TutorialAssets/Tutorial_BP_Interface.uasset" 566
"../../../Engine/Content/Tutorial/BlueprintTutorials/BlueprintInterfacesEditorOverview.uasset" 567
"../../../Engine/Content/Tutorial/BlueprintTutorials/TutorialAssets/BlueprintMacroLibrary_64x.uasset" 568
"../../../Engine/Content/Tutorial/BlueprintTutorials/TutorialAssets/Tutorial_BP_MacroLib.uasset" 569
"../../../Engine/Content/Tutorial/BlueprintTutorials/BlueprintMacroLibrariesEditorOverview.uasset" 570
"../../../Engine/Content/Tutorial/BlueprintTutorials/LevelBlueprintEditorOverview.uasset" 571
"../../../Engine/Content/Tutorial/Foliage/TutorialAssets/Foliage.uasset" 572
"../../../Engine/Content/Tutorial/Foliage/Foliage_Settings_Tutorial.uasset" 573
"../../../Engine/Content/Tutorial/Foliage/Foliage_Using_The_Tool_Tutorial.uasset" 574
"../../../Engine/Content/Tutorial/Foliage/Foliage_Intro_Tutorial.uasset" 575
"../../../Engine/Content/Tutorial/Landscape/TutorialAssets/Landscape.uasset" 576
"../../../Engine/Content/Tutorial/Landscape/Landscape_Painting_Mode.uasset" 577
"../../../Engine/Content/Tutorial/Landscape/Landscape_Sculpt_Mode.uasset" 578
"../../../Engine/Content/Tutorial/Landscape/Landscape_Manage_Mode.uasset" 579
"../../../Engine/Content/Tutorial/Paper2D/TutorialAssets/Paper2DFlipbook_TutorialIcon.uasset" 580
"../../../Engine/Content/Tutorial/Paper2D/FlipbookEditorTutorial.uasset" 581
"../../../Engine/Content/Tutorial/Paper2D/TutorialAssets/Paper2DSprite_TutorialIcon.uasset" 582
"../../../Engine/Content/Tutorial/Paper2D/SpriteEditorTutorial.uasset" 583
"../../../Engine/Content/EditorMeshes/EditorCube.uasset" 584
"../../../Engine/Content/Tutorial/SubEditors/TutorialAssets/Tutorial_DM.uasset" 585
"../../../Engine/Content/Tutorial/SubEditors/DestructibleMeshEditorTutorial.uasset" 586
"../../../Engine/Content/Tutorial/SubEditors/TutorialAssets/TutorialMaterial.uasset" 587
"../../../Engine/Content/Tutorial/SubEditors/MaterialEditorTutorial.uasset" 588
"../../../Engine/Content/Tutorial/SubEditors/TutorialAssets/T_SmokeSubUV_8X8.uasset" 589
"../../../Engine/Content/Tutorial/SubEditors/TutorialAssets/T_soft_smoke.uasset" 590
"../../../Engine/Content/Tutorial/SubEditors/TutorialAssets/M_smoke_subUV_blackbody.uasset" 591
"../../../Engine/Content/Tutorial/SubEditors/TutorialAssets/TutorialParticleSystem.uasset" 592
"../../../Engine/Content/Tutorial/SubEditors/ParticleSystemEditorTutorial.uasset" 593
"../../../Engine/Content/Tutorial/SubEditors/TutorialAssets/icon_ShowSkeletalMeshes_40x.uasset" 594
"../../../Engine/Content/Tutorial/SubEditors/TutorialAssets/Character/TutorialTPP_Mat.uasset" 595
"../../../Engine/Content/Tutorial/SubEditors/TutorialAssets/Character/TutorialTPP_PhysicsAsset.uasset" 596
"../../../Engine/Content/Tutorial/SubEditors/TutorialAssets/Character/TutorialTPP.uasset" 597
"../../../Engine/Content/Tutorial/SubEditors/TutorialAssets/Character/TutorialTPP_Skeleton.uasset" 598
"../../../Engine/Content/Tutorial/SubEditors/TutorialAssets/Character/Tutorial_Idle.uasset" 599
"../../../Engine/Content/Tutorial/SubEditors/TutorialAssets/Character/Tutorial_Walk_Fwd.uasset" 600
"../../../Engine/Content/Tutorial/SubEditors/TutorialAssets/Character/NewBlendSpace1D.uasset" 601
"../../../Engine/Content/Tutorial/SubEditors/TutorialAssets/Character/TutorialCharacter.uasset" 602
"../../../Engine/Content/Tutorial/SubEditors/TutorialAssets/Character/TutorialTPP_AnimBlueprint.uasset" 603
"../../../Engine/Content/Tutorial/SubEditors/PersonaAnimBlueprintEditorWalkthrough.uasset" 604
"../../../Engine/Content/Tutorial/SubEditors/PersonaAnimEditorWalkthrough.uasset" 605
"../../../Engine/Content/Tutorial/SubEditors/PersonaAnimEditorTutorial.uasset" 606
"../../../Engine/Content/EngineMeshes/Cube.uasset" 607
"../../../Engine/Content/Tutorial/SubEditors/StaticMeshEditorTutorial.uasset" 608
"../../../Engine/Content/Tutorial/SubEditors/TutorialAssets/icon_Editor_Preferences_General_40x.uasset" 609
"../../../Space/Content/Space/BluePrints/Ship/AIShip.uasset" 610
"../../../Space/Content/Space/BluePrints/Ship/Body_3_big2.uasset" 611
"../../../Space/Content/Space/BluePrints/Ship/Core_2_normal2.uasset" 612
"../../../Space/Content/Space/BluePrints/Skills/Barrier/BarrierEffect.uasset" 613
"../../../Space/Content/Space/BluePrints/Weapons/Missile/Missile1.uasset" 614
"../../../Space/Content/Space/Images/UI/Skill_UI.uasset" 615
"../../../Space/Content/Space/Images/UI/UI_Background_Sprite.uasset" 616
"../../../Space/Content/Space/Particle/P_Fire.uasset" 617
"../../../Space/Content/Space/Particle/P_Steam_Lit.uasset" 618
"../../../Space/Content/Space/Particle/Shield.uasset" 619
"../../../Space/Content/Space/Particle/ShipBoostEffect.uasset" 620
"../../../Space/Content/StarterContent/Architecture/Pillar_50x500.uasset" 621
"../../../Space/Content/StarterContent/Architecture/Wall_400x300.uasset" 622
"../../../Space/Content/StarterContent/Architecture/Wall_400x400.uasset" 623
"../../../Space/Content/StarterContent/Architecture/Wall_500x500.uasset" 624
"../../../Space/Content/StarterContent/Architecture/Wall_Door_400x400.uasset" 625
"../../../Space/Content/StarterContent/Architecture/Wall_Window_400x400.uasset" 626
"../../../Space/Content/StarterContent/Audio/Light01.uasset" 627
"../../../Space/Content/StarterContent/Audio/Light01_Cue.uasset" 628
"../../../Space/Content/StarterContent/Audio/Light02.uasset" 629
"../../../Space/Content/StarterContent/Audio/Light02_Cue.uasset" 630
"../../../Space/Content/StarterContent/Particles/Materials/M_Burst.uasset" 631
"../../../Space/Content/StarterContent/Particles/Materials/M_explosion_subUV.uasset" 632
"../../../Space/Content/StarterContent/Particles/Materials/m_flare_01.uasset" 633
"../../../Space/Content/StarterContent/Particles/Materials/M_radial_ramp.uasset" 634
"../../../Space/Content/StarterContent/Particles/P_Explosion.uasset" 635
"../../../Space/Content/StarterContent/Blueprints/Blueprint_Effect_Explosion.uasset" 636
"../../../Space/Content/StarterContent/Materials/M_ColorGrid_LowSpec.uasset" 637
"../../../Space/Content/StarterContent/Textures/T_Bush_D.uasset" 638
"../../../Space/Content/StarterContent/Textures/T_Bush_N.uasset" 639
"../../../Space/Content/StarterContent/Props/Materials/M_Bush.uasset" 640
"../../../Space/Content/StarterContent/Props/SM_Bush.uasset" 641
"../../../Space/Content/StarterContent/Props/SM_Couch.uasset" 642
"../../../Space/Content/StarterContent/Textures/T_Door_M.uasset" 643
"../../../Space/Content/StarterContent/Textures/T_Door_N.uasset" 644
"../../../Space/Content/StarterContent/Props/Materials/M_Door.uasset" 645
"../../../Space/Content/StarterContent/Props/SM_Door.uasset" 646
"../../../Space/Content/StarterContent/Props/Materials/M_MaterialSphere.uasset" 647
"../../../Space/Content/StarterContent/Props/Materials/M_MaterialSphere_Plain.uasset" 648
"../../../Space/Content/StarterContent/Props/SM_MatPreviewMesh_02.uasset" 649
"../../../Space/Content/StarterContent/Textures/T_RockMesh_M.uasset" 650
"../../../Space/Content/StarterContent/Textures/T_RockMesh_N.uasset" 651
"../../../Space/Content/StarterContent/Props/Materials/M_Rock.uasset" 652
"../../../Space/Content/StarterContent/Props/SM_Rock.uasset" 653
"../../../Space/Content/StarterContent/Textures/T_Shelf_M.uasset" 654
"../../../Space/Content/StarterContent/Textures/T_Shelf_N.uasset" 655
"../../../Space/Content/StarterContent/Props/Materials/M_Shelf.uasset" 656
"../../../Space/Content/StarterContent/Props/SM_Shelf.uasset" 657
"../../../Space/Content/StarterContent/Props/SM_Stairs.uasset" 658
