"/Users/eastern7star/Documents/CtrlZ_Space/Space.uproject" 1
"../../../Engine/Plugins/2D/Paper2D/Paper2D.uplugin" 2
"../../../Engine/Plugins/Developer/BlankPlugin/BlankPlugin.uplugin" 3
"../../../Engine/Plugins/Developer/GitSourceControl/GitSourceControl.uplugin" 4
"../../../Engine/Plugins/Developer/KDevelopSourceCodeAccess/KDevelopSourceCodeAccess.uplugin" 5
"../../../Engine/Plugins/Developer/NullSourceCodeAccess/NullSourceCodeAccess.uplugin" 6
"../../../Engine/Plugins/Developer/PerforceSourceControl/PerforceSourceControl.uplugin" 7
"../../../Engine/Plugins/Developer/SubversionSourceControl/SubversionSourceControl.uplugin" 8
"../../../Engine/Plugins/Developer/UObjectPlugin/UObjectPlugin.uplugin" 9
"../../../Engine/Plugins/Developer/VisualStudioSourceCodeAccess/VisualStudioSourceCodeAccess.uplugin" 10
"../../../Engine/Plugins/Developer/XCodeSourceCodeAccess/XCodeSourceCodeAccess.uplugin" 11
"../../../Engine/Plugins/Editor/EpicSurvey/EpicSurvey.uplugin" 12
"../../../Engine/Plugins/Editor/MacGraphicsSwitching/MacGraphicsSwitching.uplugin" 13
"../../../Engine/Plugins/Editor/PluginBrowser/PluginBrowser.uplugin" 14
"../../../Engine/Plugins/Editor/PluginCreator/PluginCreator.uplugin" 15
"../../../Engine/Plugins/Editor/SpeedTreeImporter/SpeedTreeImporter.uplugin" 16
"../../../Engine/Plugins/Experimental/BlueprintStats/BlueprintStats.uplugin" 17
"../../../Engine/Plugins/Experimental/CharacterAI/CharacterAI.uplugin" 18
"../../../Engine/Plugins/Experimental/CodeEditor/CodeEditor.uplugin" 19
"../../../Engine/Plugins/Experimental/CodeView/CodeView.uplugin" 20
"../../../Engine/Plugins/Experimental/HTML5Networking/HTML5Networking.uplugin" 21
"../../../Engine/Plugins/Experimental/LiveEditor/LiveEditor.uplugin" 22
"../../../Engine/Plugins/Experimental/Phya/Phya.uplugin" 23
"../../../Engine/Plugins/Experimental/SimpleHMD/SimpleHMD.uplugin" 24
"../../../Engine/Plugins/Experimental/StructBox/StructBox.uplugin" 25
"../../../Engine/Plugins/Media/AndroidMedia/AndroidMedia.uplugin" 26
"../../../Engine/Plugins/Media/AvfMedia/AvfMedia.uplugin" 27
"../../../Engine/Plugins/Media/MediaPlayerEditor/MediaPlayerEditor.uplugin" 28
"../../../Engine/Plugins/Media/WmfMedia/WmfMedia.uplugin" 29
"../../../Engine/Plugins/Messaging/MessagingDebugger/MessagingDebugger.uplugin" 30
"../../../Engine/Plugins/Messaging/UdpMessaging/UdpMessaging.uplugin" 31
"../../../Engine/Plugins/NetcodeUnitTest/NetcodeUnitTest/NetcodeUnitTest.uplugin" 32
"../../../Engine/Plugins/NetcodeUnitTest/NUTUnrealEngine4/NUTUnrealEngine4.uplugin" 33
"../../../Engine/Plugins/Runtime/Advertising/IOSTapJoy/IOSTapJoy.uplugin" 34
"../../../Engine/Plugins/Runtime/Analytics/AnalyticsBlueprintLibrary/AnalyticsBlueprintLibrary.uplugin" 35
"../../../Engine/Plugins/Runtime/Analytics/AnalyticsMulticast/AnalyticsMulticast.uplugin" 36
"../../../Engine/Plugins/Runtime/Analytics/Apsalar/IOSApsalar/IOSApsalar.uplugin" 37
"../../../Engine/Plugins/Runtime/Analytics/FileLogging/FileLogging.uplugin" 38
"../../../Engine/Plugins/Runtime/Analytics/Flurry/IOSFlurry/IOSFlurry.uplugin" 39
"../../../Engine/Plugins/Runtime/AndroidDeviceProfileSelector/AndroidDeviceProfileSelector.uplugin" 40
"../../../Engine/Plugins/Runtime/AndroidMoviePlayer/AndroidMoviePlayer.uplugin" 41
"../../../Engine/Plugins/Runtime/AppleMoviePlayer/AppleMoviePlayer.uplugin" 42
"../../../Engine/Plugins/Runtime/CableComponent/CableComponent.uplugin" 43
"../../../Engine/Plugins/Runtime/CustomMeshComponent/CustomMeshComponent.uplugin" 44
"../../../Engine/Plugins/Runtime/ExampleDeviceProfileSelector/ExampleDeviceProfileSelector.uplugin" 45
"../../../Engine/Plugins/Runtime/GearVR/GearVR.uplugin" 46
"../../../Engine/Plugins/Runtime/IOSDeviceProfileSelector/IOSDeviceProfileSelector.uplugin" 47
"../../../Engine/Plugins/Runtime/LeapMotionController/LeapMotionController.uplugin" 48
"../../../Engine/Plugins/Runtime/LiveEditorListenServer/LiveEditorListenServer.uplugin" 49
"../../../Engine/Plugins/Runtime/OculusAudio/OculusAudio.uplugin" 50
"../../../Engine/Plugins/Runtime/OculusRift/OculusRift.uplugin" 51
"../../../Engine/Plugins/Runtime/ProceduralMeshComponent/ProceduralMeshComponent.uplugin" 52
"../../../Engine/Plugins/Runtime/SoundMod/SoundMod.uplugin" 53
"../../../Engine/Plugins/Runtime/SoundVisualizations/SoundVisualizations.uplugin" 54
"../../../Engine/Plugins/Runtime/Steam/SteamController/SteamController.uplugin" 55
"../../../Engine/Plugins/Runtime/Steam/SteamVR/SteamVR.uplugin" 56
"../../../Engine/Plugins/Runtime/WebBrowserWidget/WebBrowserWidget.uplugin" 57
"../../../Engine/Plugins/Runtime/WindowsDeviceProfileSelector/WindowsDeviceProfileSelector.uplugin" 58
"../../../Engine/Plugins/Runtime/WindowsMoviePlayer/WindowsMoviePlayer.uplugin" 59
"../../../Engine/Plugins/ScriptGeneratorPlugin/ScriptGeneratorPlugin.uplugin" 60
"../../../Engine/Plugins/ScriptPlugin/ScriptPlugin.uplugin" 61
"../../../Engine/Plugins/Slate/SlateRemote/SlateRemote.uplugin" 62
"../../../Engine/Content/Internationalization/icudt53l/cnvalias.icu" 63
"../../../Engine/Content/Internationalization/icudt53l/en_US_POSIX.res" 64
"../../../Engine/Content/Internationalization/icudt53l/pool.res" 65
"../../../Engine/Content/Internationalization/icudt53l/en_US.res" 66
"../../../Engine/Content/Internationalization/icudt53l/en.res" 67
"../../../Engine/Content/Internationalization/icudt53l/root.res" 68
"../../../Engine/Content/Internationalization/icudt53l/ko_KR.res" 69
"../../../Engine/Content/Internationalization/icudt53l/ko.res" 70
"/Users/eastern7star/Library/Application Support/Epic/Epic Games/KeyValueStore.ini" 71
"/Users/eastern7star/Library/Application Support/Epic/UnrealEngine/4.8/Saved/Config/Mac/Manifest.ini" 72
"../../../Engine/Config/Base.ini" 73
"../../../Engine/Config/BaseEngine.ini" 74
"/Users/eastern7star/Documents/CtrlZ_Space/Config/DefaultEngine.ini" 75
"../../../Engine/Config/Mac/MacEngine.ini" 76
"/Users/eastern7star/Library/Preferences/Unreal Engine/SpaceEditor/Mac/Engine.ini" 77
"../../../../../../eastern7star/Documents/CtrlZ_Space/Intermediate/Config/CoalescedSourceConfigs/Engine.ini" 78
"../../../Engine/Config/BaseGame.ini" 79
"/Users/eastern7star/Documents/CtrlZ_Space/Config/DefaultGame.ini" 80
"/Users/eastern7star/Library/Preferences/Unreal Engine/SpaceEditor/Mac/Game.ini" 81
"../../../../../../eastern7star/Documents/CtrlZ_Space/Intermediate/Config/CoalescedSourceConfigs/Game.ini" 82
"../../../Engine/Config/BaseInput.ini" 83
"/Users/eastern7star/Documents/CtrlZ_Space/Config/DefaultInput.ini" 84
"/Users/eastern7star/Library/Preferences/Unreal Engine/SpaceEditor/Mac/Input.ini" 85
"../../../../../../eastern7star/Documents/CtrlZ_Space/Intermediate/Config/CoalescedSourceConfigs/Input.ini" 86
"../../../Engine/Config/BaseEditor.ini" 87
"/Users/eastern7star/Documents/CtrlZ_Space/Config/DefaultEditor.ini" 88
"/Users/eastern7star/Library/Preferences/Unreal Engine/SpaceEditor/Mac/Editor.ini" 89
"../../../../../../eastern7star/Documents/CtrlZ_Space/Intermediate/Config/CoalescedSourceConfigs/Editor.ini" 90
"../../../Engine/Config/BaseEditorPerProjectUserSettings.ini" 91
"../../../Engine/Config/Mac/MacEditorPerProjectUserSettings.ini" 92
"/Users/eastern7star/Library/Preferences/Unreal Engine/SpaceEditor/Mac/EditorPerProjectUserSettings.ini" 93
"../../../../../../eastern7star/Documents/CtrlZ_Space/Intermediate/Config/CoalescedSourceConfigs/EditorPerProjectUserSettings.ini" 94
"../../../Engine/Config/BaseEditorSettings.ini" 95
"/Users/eastern7star/Library/Application Support/Epic/UnrealEngine/4.8/Saved/Config/Mac/EditorSettings.ini" 96
"../../../../../../eastern7star/Documents/CtrlZ_Space/Intermediate/Config/CoalescedSourceConfigs/EditorSettings.ini" 97
"../../../Engine/Config/BaseEditorLayout.ini" 98
"/Users/eastern7star/Library/Application Support/Epic/UnrealEngine/4.8/Saved/Config/Mac/EditorLayout.ini" 99
"../../../../../../eastern7star/Documents/CtrlZ_Space/Intermediate/Config/CoalescedSourceConfigs/EditorLayout.ini" 100
"../../../Engine/Config/BaseEditorKeyBindings.ini" 101
"/Users/eastern7star/Library/Application Support/Epic/UnrealEngine/4.8/Saved/Config/Mac/EditorKeyBindings.ini" 102
"../../../../../../eastern7star/Documents/CtrlZ_Space/Intermediate/Config/CoalescedSourceConfigs/EditorKeyBindings.ini" 103
"../../../Engine/Config/BaseCompat.ini" 104
"/Users/eastern7star/Library/Preferences/Unreal Engine/SpaceEditor/Mac/Compat.ini" 105
"../../../../../../eastern7star/Documents/CtrlZ_Space/Intermediate/Config/CoalescedSourceConfigs/Compat.ini" 106
"../../../Engine/Config/BaseLightmass.ini" 107
"/Users/eastern7star/Library/Preferences/Unreal Engine/SpaceEditor/Mac/Lightmass.ini" 108
"../../../../../../eastern7star/Documents/CtrlZ_Space/Intermediate/Config/CoalescedSourceConfigs/Lightmass.ini" 109
"../../../Engine/Config/BaseScalability.ini" 110
"/Users/eastern7star/Library/Preferences/Unreal Engine/SpaceEditor/Mac/Scalability.ini" 111
"../../../../../../eastern7star/Documents/CtrlZ_Space/Intermediate/Config/CoalescedSourceConfigs/Scalability.ini" 112
"/Users/eastern7star/Library/Preferences/Unreal Engine/SpaceEditor/Mac/GameUserSettings.ini" 113
"../../../../../../eastern7star/Documents/CtrlZ_Space/Intermediate/Config/CoalescedSourceConfigs/GameUserSettings.ini" 114
"../../../Engine/Config/BaseDeviceProfiles.ini" 115
"/Users/eastern7star/Library/Preferences/Unreal Engine/SpaceEditor/Mac/DeviceProfiles.ini" 116
"../../../../../../eastern7star/Documents/CtrlZ_Space/Intermediate/Config/CoalescedSourceConfigs/DeviceProfiles.ini" 117
"../../../Engine/Config/ConsoleVariables.ini" 118
"../../../Engine/Content/Internationalization/icudt53l/es.res" 119
"../../../Engine/Content/Internationalization/icudt53l/ja.res" 120
"../../../Engine/Content/Internationalization/icudt53l/pt_BR.res" 121
"../../../Engine/Content/Internationalization/icudt53l/pt.res" 122
"../../../Engine/Content/Internationalization/icudt53l/zh_CN.res" 123
"../../../Engine/Content/Internationalization/icudt53l/zh_Hans_CN.res" 124
"../../../Engine/Content/Internationalization/icudt53l/zh_Hans.res" 125
"../../../Engine/Content/Internationalization/icudt53l/zh.res" 126
"/Users/Shared/UnrealEngine/4.8/Engine/Content/Localization/Editor/ko/Editor.locres" 127
"/Users/Shared/UnrealEngine/4.8/Engine/Content/Localization/EditorTutorials/ko/EditorTutorials.locres" 128
"/Users/Shared/UnrealEngine/4.8/Engine/Content/Localization/Keywords/ko/Keywords.locres" 129
"/Users/Shared/UnrealEngine/4.8/Engine/Content/Localization/ToolTips/ko/ToolTips.locres" 130
"/Users/Shared/UnrealEngine/4.8/Engine/Content/Localization/PropertyNames/ko/PropertyNames.locres" 131
"/Users/Shared/UnrealEngine/4.8/Engine/Content/Localization/Engine/ko/Engine.locres" 132
"../../../Engine/Content/Slate/Fonts/Roboto-Regular.ttf" 133
"../../../Engine/Content/Slate/Fonts/DroidSansMono.ttf" 134
"../../../Engine/Content/Slate/Fonts/Roboto-Bold.ttf" 135
"../../../Engine/Content/Slate/Fonts/Roboto-Light.ttf" 136
"/Users/Shared/UnrealEngine/4.8/Engine/Binaries/Mac/../../../Engine/Shaders/ParticleSpriteVertexFactory.usf" 137
"/Users/Shared/UnrealEngine/4.8/Engine/Binaries/Mac/../../../Engine/Shaders/VertexFactoryCommon.usf" 138
"/Users/Shared/UnrealEngine/4.8/Engine/Binaries/Mac/../../../Engine/Shaders/Common.usf" 139
"/Users/Shared/UnrealEngine/4.8/Engine/Binaries/Mac/../../../Engine/Shaders/MetalCommon.usf" 140
"/Users/Shared/UnrealEngine/4.8/Engine/Binaries/Mac/../../../Engine/Shaders/ShaderVersion.usf" 141
"/Users/Shared/UnrealEngine/4.8/Engine/Binaries/Mac/../../../Engine/Shaders/Definitions.usf" 142
"/Users/Shared/UnrealEngine/4.8/Engine/Binaries/Mac/../../../Engine/Shaders/Random.usf" 143
"/Users/Shared/UnrealEngine/4.8/Engine/Binaries/Mac/../../../Engine/Shaders/ParticleVertexFactoryCommon.usf" 144
"/Users/Shared/UnrealEngine/4.8/Engine/Binaries/Mac/../../../Engine/Shaders/ParticleGPUSpriteVertexFactory.usf" 145
"/Users/Shared/UnrealEngine/4.8/Engine/Binaries/Mac/../../../Engine/Shaders/ParticleBeamTrailVertexFactory.usf" 146
"/Users/Shared/UnrealEngine/4.8/Engine/Binaries/Mac/../../../Engine/Shaders/LocalVertexFactory.usf" 147
"/Users/Shared/UnrealEngine/4.8/Engine/Binaries/Mac/../../../Engine/Shaders/LocalVertexFactoryCommon.usf" 148
"/Users/Shared/UnrealEngine/4.8/Engine/Binaries/Mac/../../../Engine/Shaders/VectorFieldVisualizationVertexFactory.usf" 149
"/Users/Shared/UnrealEngine/4.8/Engine/Binaries/Mac/../../../Engine/Shaders/MeshParticleVertexFactory.usf" 150
"/Users/Shared/UnrealEngine/4.8/Engine/Binaries/Mac/../../../Engine/Shaders/GpuSkinVertexFactory.usf" 151
"/Users/Shared/UnrealEngine/4.8/Engine/Binaries/Mac/../../../Engine/Shaders/GpuSkinCacheCommon.usf" 152
"/Users/Shared/UnrealEngine/4.8/Engine/Binaries/Mac/../../../Engine/Shaders/LandscapeVertexFactory.usf" 153
"/Users/Shared/UnrealEngine/4.8/Engine/Binaries/Mac/../../../Engine/Shaders/SlateElementPixelShader.usf" 154
"/Users/Shared/UnrealEngine/4.8/Engine/Binaries/Mac/../../../Engine/Shaders/GammaCorrectionCommon.usf" 155
"/Users/Shared/UnrealEngine/4.8/Engine/Binaries/Mac/../../../Engine/Shaders/MaterialTemplate.usf" 156
"/Users/Shared/UnrealEngine/4.8/Engine/Binaries/Mac/../../../Engine/Shaders/DepthOfFieldCommon.usf" 157
"/Users/Shared/UnrealEngine/4.8/Engine/Binaries/Mac/../../../Engine/Shaders/SpeedTreeCommon.usf" 158
"/Users/Shared/UnrealEngine/4.8/Engine/Binaries/Mac/../../../Engine/Shaders/AtmosphereCommon.usf" 159
"/Users/Shared/UnrealEngine/4.8/Engine/Binaries/Mac/../../../Engine/Shaders/EyeAdaptationCommon.usf" 160
"/Users/Shared/UnrealEngine/4.8/Engine/Binaries/Mac/../../../Engine/Shaders/PostProcessCommon.usf" 161
"/Users/Shared/UnrealEngine/4.8/Engine/Binaries/Mac/../../../Engine/Shaders/DeferredShadingCommon.usf" 162
"/Users/Shared/UnrealEngine/4.8/Engine/Binaries/Mac/../../../Engine/Shaders/LightAccumulator.usf" 163
"/Users/Shared/UnrealEngine/4.8/Engine/Binaries/Mac/../../../Engine/Shaders/SlateVertexShader.usf" 164
"/Users/Shared/UnrealEngine/4.8/Engine/Binaries/Mac/../../../Engine/Shaders/ParticleSortKeyGen.usf" 165
"/Users/Shared/UnrealEngine/4.8/Engine/Binaries/Mac/../../../Engine/Shaders/ParticleBoundsShader.usf" 166
"/Users/Shared/UnrealEngine/4.8/Engine/Binaries/Mac/../../../Engine/Shaders/ParticleSimVisualizeShader.usf" 167
"/Users/Shared/UnrealEngine/4.8/Engine/Binaries/Mac/../../../Engine/Shaders/ParticleInjectionShader.usf" 168
"/Users/Shared/UnrealEngine/4.8/Engine/Binaries/Mac/../../../Engine/Shaders/ParticleSimulationShader.usf" 169
"/Users/Shared/UnrealEngine/4.8/Engine/Binaries/Mac/../../../Engine/Shaders/ParticleCurveInjectionShader.usf" 170
"/Users/Shared/UnrealEngine/4.8/Engine/Binaries/Mac/../../../Engine/Shaders/VectorFieldCompositeShaders.usf" 171
"/Users/Shared/UnrealEngine/4.8/Engine/Binaries/Mac/../../../Engine/Shaders/UpdateTextureShaders.usf" 172
"/Users/Shared/UnrealEngine/4.8/Engine/Binaries/Mac/../../../Engine/Shaders/SimpleElementColorChannelMaskPixelShader.usf" 173
"/Users/Shared/UnrealEngine/4.8/Engine/Binaries/Mac/../../../Engine/Shaders/SimpleElementHitProxyPixelShader.usf" 174
"/Users/Shared/UnrealEngine/4.8/Engine/Binaries/Mac/../../../Engine/Shaders/SimpleElementPixelShader.usf" 175
"/Users/Shared/UnrealEngine/4.8/Engine/Binaries/Mac/../../../Engine/Shaders/ColorUtils.usf" 176
"/Users/Shared/UnrealEngine/4.8/Engine/Binaries/Mac/../../../Engine/Shaders/IESLightProfilesCommon.usf" 177
"/Users/Shared/UnrealEngine/4.8/Engine/Binaries/Mac/../../../Engine/Shaders/SimpleElementVertexShader.usf" 178
"/Users/Shared/UnrealEngine/4.8/Engine/Binaries/Mac/../../../Engine/Shaders/ScreenVertexShader.usf" 179
"/Users/Shared/UnrealEngine/4.8/Engine/Binaries/Mac/../../../Engine/Shaders/ScreenPixelShader.usf" 180
"/Users/Shared/UnrealEngine/4.8/Engine/Binaries/Mac/../../../Engine/Shaders/NullPixelShader.usf" 181
"/Users/Shared/UnrealEngine/4.8/Engine/Binaries/Mac/../../../Engine/Shaders/RadixSortShaders.usf" 182
"/Users/Shared/UnrealEngine/4.8/Engine/Binaries/Mac/../../../Engine/Shaders/GpuSkinCacheComputeShader.usf" 183
"/Users/Shared/UnrealEngine/4.8/Engine/Binaries/Mac/../../../Engine/Shaders/LandscapeGrassWeight.usf" 184
"/Users/Shared/UnrealEngine/4.8/Engine/Binaries/Mac/../../../Engine/Shaders/SimpleElementTexture2DPreviewPixelShader.usf" 185
"/Users/Shared/UnrealEngine/4.8/Engine/Binaries/Mac/../../../Engine/Shaders/SimpleElementNormalMapPixelShader.usf" 186
"/Users/Shared/UnrealEngine/4.8/Engine/Binaries/Mac/../../../Engine/Shaders/meshpaintdilatepixelshader.usf" 187
"/Users/Shared/UnrealEngine/4.8/Engine/Binaries/Mac/../../../Engine/Shaders/meshpaintdilatevertexshader.usf" 188
"/Users/Shared/UnrealEngine/4.8/Engine/Binaries/Mac/../../../Engine/Shaders/MeshPaintPixelShader.usf" 189
"/Users/Shared/UnrealEngine/4.8/Engine/Binaries/Mac/../../../Engine/Shaders/MeshPaintVertexShader.usf" 190
"/Users/Shared/UnrealEngine/4.8/Engine/Binaries/Mac/../../../Engine/Shaders/VisualizeTexture.usf" 191
"/Users/Shared/UnrealEngine/4.8/Engine/Binaries/Mac/../../../Engine/Shaders/ScreenSpaceReflections.usf" 192
"/Users/Shared/UnrealEngine/4.8/Engine/Binaries/Mac/../../../Engine/Shaders/BRDF.usf" 193
"/Users/Shared/UnrealEngine/4.8/Engine/Binaries/Mac/../../../Engine/Shaders/MonteCarlo.usf" 194
"/Users/Shared/UnrealEngine/4.8/Engine/Binaries/Mac/../../../Engine/Shaders/ScreenSpaceRayCast.usf" 195
"/Users/Shared/UnrealEngine/4.8/Engine/Binaries/Mac/../../../Engine/Shaders/PostProcessBloom.usf" 196
"/Users/Shared/UnrealEngine/4.8/Engine/Binaries/Mac/../../../Engine/Shaders/FilterVertexShader.usf" 197
"/Users/Shared/UnrealEngine/4.8/Engine/Binaries/Mac/../../../Engine/Shaders/FilterPixelShader.usf" 198
"/Users/Shared/UnrealEngine/4.8/Engine/Binaries/Mac/../../../Engine/Shaders/PostProcessVisualizeHDR.usf" 199
"/Users/Shared/UnrealEngine/4.8/Engine/Binaries/Mac/../../../Engine/Shaders/PostProcessHistogramCommon.usf" 200
"/Users/Shared/UnrealEngine/4.8/Engine/Binaries/Mac/../../../Engine/Shaders/TonemapCommon.usf" 201
"/Users/Shared/UnrealEngine/4.8/Engine/Binaries/Mac/../../../Engine/Shaders/ACES.usf" 202
"/Users/Shared/UnrealEngine/4.8/Engine/Binaries/Mac/../../../Engine/Shaders/MiniFontCommon.usf" 203
"/Users/Shared/UnrealEngine/4.8/Engine/Binaries/Mac/../../../Engine/Shaders/PostProcessVisualizeBuffer.usf" 204
"/Users/Shared/UnrealEngine/4.8/Engine/Binaries/Mac/../../../Engine/Shaders/PostProcessUpscale.usf" 205
"/Users/Shared/UnrealEngine/4.8/Engine/Binaries/Mac/../../../Engine/Shaders/PostProcessTonemap.usf" 206
"/Users/Shared/UnrealEngine/4.8/Engine/Binaries/Mac/../../../Engine/Shaders/PostProcessTestImage.usf" 207
"/Users/Shared/UnrealEngine/4.8/Engine/Binaries/Mac/../../../Engine/Shaders/PostProcessTemporalAA.usf" 208
"/Users/Shared/UnrealEngine/4.8/Engine/Binaries/Mac/../../../Engine/Shaders/PostProcessTemporalCommon.usf" 209
"/Users/Shared/UnrealEngine/4.8/Engine/Binaries/Mac/../../../Engine/Shaders/PostProcessSubsurface.usf" 210
"/Users/Shared/UnrealEngine/4.8/Engine/Binaries/Mac/../../../Engine/Shaders/SeparableSSS.usf" 211
"/Users/Shared/UnrealEngine/4.8/Engine/Binaries/Mac/../../../Engine/Shaders/PostProcessSelectionOutline.usf" 212
"/Users/Shared/UnrealEngine/4.8/Engine/Binaries/Mac/../../../Engine/Shaders/PostProcessSceneColorFringe.usf" 213
"/Users/Shared/UnrealEngine/4.8/Engine/Binaries/Mac/../../../Engine/Shaders/PostProcessNoiseBlur.usf" 214
"/Users/Shared/UnrealEngine/4.8/Engine/Binaries/Mac/../../../Engine/Shaders/PostProcessMotionBlur.usf" 215
"/Users/Shared/UnrealEngine/4.8/Engine/Binaries/Mac/../../../Engine/Shaders/PostProcessVelocityFlatten.usf" 216
"/Users/Shared/UnrealEngine/4.8/Engine/Binaries/Mac/../../../Engine/Shaders/PostProcessMobile.usf" 217
"/Users/Shared/UnrealEngine/4.8/Engine/Binaries/Mac/../../../Engine/Shaders/PostProcessMaterialShaders.usf" 218
"/Users/Shared/UnrealEngine/4.8/Engine/Binaries/Mac/../../../Engine/Shaders/PostProcessLensFlares.usf" 219
"/Users/Shared/UnrealEngine/4.8/Engine/Binaries/Mac/../../../Engine/Shaders/PostProcessLensBlur.usf" 220
"/Users/Shared/UnrealEngine/4.8/Engine/Binaries/Mac/../../../Engine/Shaders/PostProcessHistogramReduce.usf" 221
"/Users/Shared/UnrealEngine/4.8/Engine/Binaries/Mac/../../../Engine/Shaders/PostProcessHistogram.usf" 222
"/Users/Shared/UnrealEngine/4.8/Engine/Binaries/Mac/../../../Engine/Shaders/PostProcessHMD.usf" 223
"/Users/Shared/UnrealEngine/4.8/Engine/Binaries/Mac/../../../Engine/Shaders/PostProcessGBufferHints.usf" 224
"/Users/Shared/UnrealEngine/4.8/Engine/Binaries/Mac/../../../Engine/Shaders/PostProcessEyeAdaptation.usf" 225
"/Users/Shared/UnrealEngine/4.8/Engine/Binaries/Mac/../../../Engine/Shaders/PostProcessDownsample.usf" 226
"/Users/Shared/UnrealEngine/4.8/Engine/Binaries/Mac/../../../Engine/Shaders/PostProcessDOF.usf" 227
"/Users/Shared/UnrealEngine/4.8/Engine/Binaries/Mac/../../../Engine/Shaders/PostProcessCompositeEditorPrimitives.usf" 228
"/Users/Shared/UnrealEngine/4.8/Engine/Binaries/Mac/../../../Engine/Shaders/PostProcessCombineLUTs.usf" 229
"/Users/Shared/UnrealEngine/4.8/Engine/Binaries/Mac/../../../Engine/Shaders/PostProcessBusyWait.usf" 230
"/Users/Shared/UnrealEngine/4.8/Engine/Binaries/Mac/../../../Engine/Shaders/PostProcessBokehDOF.usf" 231
"/Users/Shared/UnrealEngine/4.8/Engine/Binaries/Mac/../../../Engine/Shaders/FXAAShader.usf" 232
"/Users/Shared/UnrealEngine/4.8/Engine/Binaries/Mac/../../../Engine/Shaders/Fxaa3_11.usf" 233
"/Users/Shared/UnrealEngine/4.8/Engine/Binaries/Mac/../../../Engine/Shaders/PostProcessPassThrough.usf" 234
"/Users/Shared/UnrealEngine/4.8/Engine/Binaries/Mac/../../../Engine/Shaders/PostProcessLpvIndirect.usf" 235
"/Users/Shared/UnrealEngine/4.8/Engine/Binaries/Mac/../../../Engine/Shaders/DeferredLightingCommon.usf" 236
"/Users/Shared/UnrealEngine/4.8/Engine/Binaries/Mac/../../../Engine/Shaders/DynamicLightingCommon.usf" 237
"/Users/Shared/UnrealEngine/4.8/Engine/Binaries/Mac/../../../Engine/Shaders/LPVFinalPass.usf" 238
"/Users/Shared/UnrealEngine/4.8/Engine/Binaries/Mac/../../../Engine/Shaders/LPVCommon.usf" 239
"/Users/Shared/UnrealEngine/4.8/Engine/Binaries/Mac/../../../Engine/Shaders/DeferredDecal.usf" 240
"/Users/Shared/UnrealEngine/4.8/Engine/Binaries/Mac/../../../Engine/Shaders/PostProcessAmbientOcclusion.usf" 241
"/Users/Shared/UnrealEngine/4.8/Engine/Binaries/Mac/../../../Engine/Shaders/PostProcessAmbient.usf" 242
"/Users/Shared/UnrealEngine/4.8/Engine/Binaries/Mac/../../../Engine/Shaders/CubemapCommon.usf" 243
"/Users/Shared/UnrealEngine/4.8/Engine/Binaries/Mac/../../../Engine/Shaders/VelocityShader.usf" 244
"/Users/Shared/UnrealEngine/4.8/Engine/Binaries/Mac/../../../Engine/Shaders/VelocityCommon.usf" 245
"/Users/Shared/UnrealEngine/4.8/Engine/Binaries/Mac/../../../Engine/Shaders/Tessellation.usf" 246
"/Users/Shared/UnrealEngine/4.8/Engine/Binaries/Mac/../../../Engine/Shaders/FlatTessellation.usf" 247
"/Users/Shared/UnrealEngine/4.8/Engine/Binaries/Mac/../../../Engine/Shaders/PNTriangles.usf" 248
"/Users/Shared/UnrealEngine/4.8/Engine/Binaries/Mac/../../../Engine/Shaders/TranslucentLightingShaders.usf" 249
"/Users/Shared/UnrealEngine/4.8/Engine/Binaries/Mac/../../../Engine/Shaders/SHCommon.usf" 250
"/Users/Shared/UnrealEngine/4.8/Engine/Binaries/Mac/../../../Engine/Shaders/ShadowProjectionCommon.usf" 251
"/Users/Shared/UnrealEngine/4.8/Engine/Binaries/Mac/../../../Engine/Shaders/TranslucentLightInjectionShaders.usf" 252
"/Users/Shared/UnrealEngine/4.8/Engine/Binaries/Mac/../../../Engine/Shaders/LightFunctionCommon.usf" 253
"/Users/Shared/UnrealEngine/4.8/Engine/Binaries/Mac/../../../Engine/Shaders/TranslucentShadowDepthShaders.usf" 254
"/Users/Shared/UnrealEngine/4.8/Engine/Binaries/Mac/../../../Engine/Shaders/ShadowDepthCommon.usf" 255
"/Users/Shared/UnrealEngine/4.8/Engine/Binaries/Mac/../../../Engine/Shaders/TiledDeferredLightShaders.usf" 256
"/Users/Shared/UnrealEngine/4.8/Engine/Binaries/Mac/../../../Engine/Shaders/SurfelTree.usf" 257
"/Users/Shared/UnrealEngine/4.8/Engine/Binaries/Mac/../../../Engine/Shaders/DistanceFieldLightingShared.usf" 258
"/Users/Shared/UnrealEngine/4.8/Engine/Binaries/Mac/../../../Engine/Shaders/SurfelMaterialShared.usf" 259
"/Users/Shared/UnrealEngine/4.8/Engine/Binaries/Mac/../../../Engine/Shaders/DistanceFieldAOShared.usf" 260
"/Users/Shared/UnrealEngine/4.8/Engine/Binaries/Mac/../../../Engine/Shaders/ShadowProjectionPixelShader.usf" 261
"/Users/Shared/UnrealEngine/4.8/Engine/Binaries/Mac/../../../Engine/Shaders/ShadowFilteringCommon.usf" 262
"/Users/Shared/UnrealEngine/4.8/Engine/Binaries/Mac/../../../Engine/Shaders/ShadowProjectionVertexShader.usf" 263
"/Users/Shared/UnrealEngine/4.8/Engine/Binaries/Mac/../../../Engine/Shaders/ShadowDepthPixelShader.usf" 264
"/Users/Shared/UnrealEngine/4.8/Engine/Binaries/Mac/../../../Engine/Shaders/LPVWriteVplCommon.usf" 265
"/Users/Shared/UnrealEngine/4.8/Engine/Binaries/Mac/../../../Engine/Shaders/LPVWriteCommon.usf" 266
"/Users/Shared/UnrealEngine/4.8/Engine/Binaries/Mac/../../../Engine/Shaders/ShadowDepthVertexShader.usf" 267
"/Users/Shared/UnrealEngine/4.8/Engine/Binaries/Mac/../../../Engine/Shaders/ShaderComplexityApplyPixelShader.usf" 268
"/Users/Shared/UnrealEngine/4.8/Engine/Binaries/Mac/../../../Engine/Shaders/ShaderComplexityApplyVertexShader.usf" 269
"/Users/Shared/UnrealEngine/4.8/Engine/Binaries/Mac/../../../Engine/Shaders/ShaderComplexityAccumulatePixelShader.usf" 270
"/Users/Shared/UnrealEngine/4.8/Engine/Binaries/Mac/../../../Engine/Shaders/HZBOcclusion.usf" 271
"/Users/Shared/UnrealEngine/4.8/Engine/Binaries/Mac/../../../Engine/Shaders/OcclusionQueryVertexShader.usf" 272
"/Users/Shared/UnrealEngine/4.8/Engine/Binaries/Mac/../../../Engine/Shaders/HitProxyPixelShader.usf" 273
"/Users/Shared/UnrealEngine/4.8/Engine/Binaries/Mac/../../../Engine/Shaders/HitProxyVertexShader.usf" 274
"/Users/Shared/UnrealEngine/4.8/Engine/Binaries/Mac/../../../Engine/Shaders/ReflectionEnvironmentShaders.usf" 275
"/Users/Shared/UnrealEngine/4.8/Engine/Binaries/Mac/../../../Engine/Shaders/ReflectionEnvironmentShared.usf" 276
"/Users/Shared/UnrealEngine/4.8/Engine/Binaries/Mac/../../../Engine/Shaders/SkyLightingShared.usf" 277
"/Users/Shared/UnrealEngine/4.8/Engine/Binaries/Mac/../../../Engine/Shaders/ReflectionEnvironmentComputeShaders.usf" 278
"/Users/Shared/UnrealEngine/4.8/Engine/Binaries/Mac/../../../Engine/Shaders/LightShaftShader.usf" 279
"/Users/Shared/UnrealEngine/4.8/Engine/Binaries/Mac/../../../Engine/Shaders/StationaryLightOverlapShaders.usf" 280
"/Users/Shared/UnrealEngine/4.8/Engine/Binaries/Mac/../../../Engine/Shaders/DeferredLightPixelShaders.usf" 281
"/Users/Shared/UnrealEngine/4.8/Engine/Binaries/Mac/../../../Engine/Shaders/DeferredLightVertexShaders.usf" 282
"/Users/Shared/UnrealEngine/4.8/Engine/Binaries/Mac/../../../Engine/Shaders/LPVVisualise.usf" 283
"/Users/Shared/UnrealEngine/4.8/Engine/Binaries/Mac/../../../Engine/Shaders/LPVGeometryVolumeCommon.usf" 284
"/Users/Shared/UnrealEngine/4.8/Engine/Binaries/Mac/../../../Engine/Shaders/LPVDirectLightInject.usf" 285
"/Users/Shared/UnrealEngine/4.8/Engine/Binaries/Mac/../../../Engine/Shaders/LPVPropagate.usf" 286
"/Users/Shared/UnrealEngine/4.8/Engine/Binaries/Mac/../../../Engine/Shaders/LPVBuildGeometryVolume.usf" 287
"/Users/Shared/UnrealEngine/4.8/Engine/Binaries/Mac/../../../Engine/Shaders/LPVInject_AccumulateVplLists.usf" 288
"/Users/Shared/UnrealEngine/4.8/Engine/Binaries/Mac/../../../Engine/Shaders/LPVInject_GenerateVplLists.usf" 289
"/Users/Shared/UnrealEngine/4.8/Engine/Binaries/Mac/../../../Engine/Shaders/LPVClearLists.usf" 290
"/Users/Shared/UnrealEngine/4.8/Engine/Binaries/Mac/../../../Engine/Shaders/LPVClear.usf" 291
"/Users/Shared/UnrealEngine/4.8/Engine/Binaries/Mac/../../../Engine/Shaders/LightMapDensityShader.usf" 292
"/Users/Shared/UnrealEngine/4.8/Engine/Binaries/Mac/../../../Engine/Shaders/LightFunctionPixelShader.usf" 293
"/Users/Shared/UnrealEngine/4.8/Engine/Binaries/Mac/../../../Engine/Shaders/LightFunctionVertexShader.usf" 294
"/Users/Shared/UnrealEngine/4.8/Engine/Binaries/Mac/../../../Engine/Shaders/HeightfieldLighting.usf" 295
"/Users/Shared/UnrealEngine/4.8/Engine/Binaries/Mac/../../../Engine/Shaders/DistanceFieldShadowingShared.usf" 296
"/Users/Shared/UnrealEngine/4.8/Engine/Binaries/Mac/../../../Engine/Shaders/HdrCustomResolveShaders.usf" 297
"/Users/Shared/UnrealEngine/4.8/Engine/Binaries/Mac/../../../Engine/Shaders/GammaCorrection.usf" 298
"/Users/Shared/UnrealEngine/4.8/Engine/Binaries/Mac/../../../Engine/Shaders/GPUBenchmark.usf" 299
"/Users/Shared/UnrealEngine/4.8/Engine/Binaries/Mac/../../../Engine/Shaders/BasePassForForwardShadingPixelShader.usf" 300
"/Users/Shared/UnrealEngine/4.8/Engine/Binaries/Mac/../../../Engine/Shaders/BasePassForForwardShadingCommon.usf" 301
"/Users/Shared/UnrealEngine/4.8/Engine/Binaries/Mac/../../../Engine/Shaders/LightmapCommon.usf" 302
"/Users/Shared/UnrealEngine/4.8/Engine/Binaries/Mac/../../../Engine/Shaders/BasePassForForwardShadingVertexShader.usf" 303
"/Users/Shared/UnrealEngine/4.8/Engine/Binaries/Mac/../../../Engine/Shaders/HeightFogCommon.usf" 304
"/Users/Shared/UnrealEngine/4.8/Engine/Binaries/Mac/../../../Engine/Shaders/HeightFogPixelShader.usf" 305
"/Users/Shared/UnrealEngine/4.8/Engine/Binaries/Mac/../../../Engine/Shaders/HeightFogVertexShader.usf" 306
"/Users/Shared/UnrealEngine/4.8/Engine/Binaries/Mac/../../../Engine/Shaders/DistortAccumulatePS.usf" 307
"/Users/Shared/UnrealEngine/4.8/Engine/Binaries/Mac/../../../Engine/Shaders/DistortAccumulateVS.usf" 308
"/Users/Shared/UnrealEngine/4.8/Engine/Binaries/Mac/../../../Engine/Shaders/DistortApplyScreenPS.usf" 309
"/Users/Shared/UnrealEngine/4.8/Engine/Binaries/Mac/../../../Engine/Shaders/DistanceFieldSurfaceCacheLighting.usf" 310
"/Users/Shared/UnrealEngine/4.8/Engine/Binaries/Mac/../../../Engine/Shaders/SkyLighting.usf" 311
"/Users/Shared/UnrealEngine/4.8/Engine/Binaries/Mac/../../../Engine/Shaders/DistanceFieldGlobalIllumination.usf" 312
"/Users/Shared/UnrealEngine/4.8/Engine/Binaries/Mac/../../../Engine/Shaders/DistanceFieldLightingPost.usf" 313
"/Users/Shared/UnrealEngine/4.8/Engine/Binaries/Mac/../../../Engine/Shaders/DistanceFieldSurfaceCacheLightingCompute.usf" 314
"/Users/Shared/UnrealEngine/4.8/Engine/Binaries/Mac/../../../Engine/Shaders/DistanceFieldShadowing.usf" 315
"/Users/Shared/UnrealEngine/4.8/Engine/Binaries/Mac/../../../Engine/Shaders/DepthOnlyPixelShader.usf" 316
"/Users/Shared/UnrealEngine/4.8/Engine/Binaries/Mac/../../../Engine/Shaders/DepthOnlyVertexShader.usf" 317
"/Users/Shared/UnrealEngine/4.8/Engine/Binaries/Mac/../../../Engine/Shaders/PositionOnlyDepthVertexShader.usf" 318
"/Users/Shared/UnrealEngine/4.8/Engine/Binaries/Mac/../../../Engine/Shaders/DownsampleDepthPixelShader.usf" 319
"/Users/Shared/UnrealEngine/4.8/Engine/Binaries/Mac/../../../Engine/Shaders/EvaluateSurfelMaterial.usf" 320
"/Users/Shared/UnrealEngine/4.8/Engine/Binaries/Mac/../../../Engine/Shaders/ConvertToUniformMesh.usf" 321
"/Users/Shared/UnrealEngine/4.8/Engine/Binaries/Mac/../../../Engine/Shaders/BasePassPixelShader.usf" 322
"/Users/Shared/UnrealEngine/4.8/Engine/Binaries/Mac/../../../Engine/Shaders/BasePassCommon.usf" 323
"/Users/Shared/UnrealEngine/4.8/Engine/Binaries/Mac/../../../Engine/Shaders/ForEachLight.usf" 324
"/Users/Shared/UnrealEngine/4.8/Engine/Binaries/Mac/../../../Engine/Shaders/BasePassVertexShader.usf" 325
"/Users/Shared/UnrealEngine/4.8/Engine/Binaries/Mac/../../../Engine/Shaders/BasePassVertexCommon.usf" 326
"/Users/Shared/UnrealEngine/4.8/Engine/Binaries/Mac/../../../Engine/Shaders/BasePassTessellationShaders.usf" 327
"/Users/Shared/UnrealEngine/4.8/Engine/Binaries/Mac/../../../Engine/Shaders/AtmospherePrecompute.usf" 328
"/Users/Shared/UnrealEngine/4.8/Engine/Binaries/Mac/../../../Engine/Shaders/AtmospherePrecomputeCommon.usf" 329
"/Users/Shared/UnrealEngine/4.8/Engine/Binaries/Mac/../../../Engine/Shaders/AtmospherePrecomputeInscatter.usf" 330
"/Users/Shared/UnrealEngine/4.8/Engine/Binaries/Mac/../../../Engine/Shaders/AtmosphericFogShader.usf" 331
"/Users/Shared/UnrealEngine/4.8/Engine/Binaries/Mac/../../../Engine/Shaders/ResolveVertexShader.usf" 332
"/Users/Shared/UnrealEngine/4.8/Engine/Binaries/Mac/../../../Engine/Shaders/ResolvePixelShader.usf" 333
"/Users/Shared/UnrealEngine/4.8/Engine/Binaries/Mac/../../../Engine/Shaders/OneColorShader.usf" 334
"/Users/Shared/UnrealEngine/4.8/Engine/Binaries/Mac/../../../Engine/Shaders/ClearReplacementShaders.usf" 335
"../../../Engine/Config/Android/AndroidEngine.ini" 336
"../../../Engine/Config/HTML5/HTML5Engine.ini" 337
"../../../Engine/Config/IOS/IOSEngine.ini" 338
"/Users/eastern7star/Library/Application Support/Epic/UnrealEngine/4.8/DerivedDataCache/Boot.ddc" 339
"../../../Engine/DerivedDataCache/Compressed.ddp" 340
"../../../Engine/Content/EditorResources/S_Actor.uasset" 341
"../../../Engine/Content/Maps/Templates/Thumbnails/Default.uasset" 342
"../../../Engine/Content/EditorMaterials/ParticleSystems/PSysThumbnail_NoImage.uasset" 343
"../../../Engine/Content/EditorMaterials/ParticleSystems/PSysThumbnail_OOD.uasset" 344
"../../../Engine/Content/EditorLandscapeResources/DataLayer.uasset" 345
"../../../Engine/Content/EngineFonts/Roboto.uasset" 346
"../../../Engine/Content/EngineMaterials/Widget3DPassThrough_Translucent.uasset" 347
"../../../Engine/Content/EngineMaterials/Widget3DPassThrough.uasset" 348
"../../../Engine/Content/EngineResources/WhiteSquareTexture.uasset" 349
"../../../Engine/Content/Functions/Engine_MaterialFunctions01/Shading/PowerToRoughness.uasset" 350
"../../../Engine/Content/Functions/Engine_MaterialFunctions01/Shading/ConvertFromDiffSpec.uasset" 351
"../../../Engine/Content/EngineMaterials/WorldGridMaterial.uasset" 352
"../../../Engine/Content/Functions/Engine_MaterialFunctions01/Opacity/CameraDepthFade.uasset" 353
"../../../Engine/Content/EngineMaterials/T_Default_Material_Grid_M.uasset" 354
"../../../Engine/Content/EngineMaterials/T_Default_Material_Grid_N.uasset" 355
"../../../Engine/Content/EngineMaterials/DefaultDeferredDecalMaterial.uasset" 356
"../../../Engine/Content/EngineMaterials/DefaultDiffuse.uasset" 357
"../../../Engine/Content/EngineMaterials/DefaultLightFunctionMaterial.uasset" 358
"../../../Engine/Content/EngineMaterials/DefaultPostProcessMaterial.uasset" 359
"../../../Engine/Content/Functions/Engine_MaterialFunctions02/Utility/BreakOutFloat2Components.uasset" 360
"../../../Engine/Content/EngineResources/DefaultTexture.uasset" 361
"../../../Engine/Content/EngineMaterials/Widget3DPassThrough_Translucent_OneSided.uasset" 362
"../../../Engine/Content/EngineMaterials/Widget3DPassThrough_Opaque.uasset" 363
"../../../Engine/Content/EngineMaterials/Widget3DPassThrough_Opaque_OneSided.uasset" 364
"../../../Engine/Content/EngineDamageTypes/DmgTypeBP_Environmental.uasset" 365
"../../../Engine/Content/Internationalization/icudt53l/numberingSystems.res" 366
"../../../Engine/Content/Internationalization/icudt53l/curr/supplementalData.res" 367
"../../../Engine/Content/Internationalization/icudt53l/curr/pool.res" 368
"../../../Engine/Content/Internationalization/icudt53l/curr/ko.res" 369
"../../../Engine/Content/Internationalization/icudt53l/curr/root.res" 370
"../../../Engine/Content/EngineMeshes/Sphere.uasset" 371
"../../../Engine/Content/EngineFonts/RobotoDistanceField.uasset" 372
"../../../Engine/Content/EngineMaterials/DefaultTextMaterialOpaque.uasset" 373
"../../../Engine/Content/EditorResources/S_Trigger.uasset" 374
"../../../Engine/Content/EngineResources/GradientTexture0.uasset" 375
"../../../Engine/Content/EngineResources/Black.uasset" 376
"../../../Engine/Content/EditorMaterials/MatineeGroups/MAT_Groups_Float.uasset" 377
"../../../Engine/Content/EditorMaterials/MatineeGroups/MAT_Groups_Director.uasset" 378
"../../../Engine/Content/EditorMaterials/MatineeGroups/MAT_Groups_Event.uasset" 379
"../../../Engine/Content/EditorMaterials/MatineeGroups/MAT_Groups_Anim.uasset" 380
"../../../Engine/Content/EditorMaterials/MatineeGroups/MAT_Groups_Fade.uasset" 381
"../../../Engine/Content/EditorMaterials/MatineeGroups/MAT_Groups_Move.uasset" 382
"../../../Engine/Content/EditorMaterials/MatineeGroups/MAT_Groups_Slomo.uasset" 383
"../../../Engine/Content/EditorMaterials/MatineeGroups/MAT_ColorTrack.uasset" 384
"../../../Engine/Content/EditorMaterials/MAT_Groups_Toggle.uasset" 385
"../../../Engine/Content/EditorMaterials/MatineeGroups/MAT_Groups_AudioMaster.uasset" 386
"../../../Engine/Content/EditorMaterials/MatineeGroups/MAT_Groups_Sound.uasset" 387
"../../../Engine/Content/EditorMaterials/MatineeGroups/MAT_Groups_Vector.uasset" 388
"../../../Engine/Content/EditorMaterials/MAT_Groups_Visibility.uasset" 389
"../../../Engine/Content/EngineResources/DefaultTextureCube.uasset" 390
"../../../Engine/Content/EngineSounds/Master.uasset" 391
"../../../Engine/Content/EngineSounds/Music.uasset" 392
"../../../Engine/Content/EngineSounds/SFX.uasset" 393
"../../../Engine/Content/EngineSounds/Normal_Attack.uasset" 394
"../../../Engine/Content/EngineSounds/Special_Attack_PSM.uasset" 395
"../../../Engine/Content/EngineSounds/Duck_Normal_Attack_MixMod.uasset" 396
"../../../Engine/Content/EngineSounds/Voice.uasset" 397
"../../../Engine/Content/EngineMeshes/Cylinder.uasset" 398
"../../../Engine/Content/EngineMaterials/DefaultMaterial.uasset" 399
"../../../Engine/Content/EngineTireTypes/DefaultTireType.uasset" 400
"/Users/eastern7star/Library/Preferences/Unreal Engine/SpaceEditor/Mac/InternationalizationExport.ini" 401
"../../../../../../eastern7star/Documents/CtrlZ_Space/Intermediate/Config/CoalescedSourceConfigs/InternationalizationExport.ini" 402
"../../../Engine/Content/Editor/Slate/Fonts/FontAwesome.ttf" 403
"../../../Engine/Content/Editor/Slate/Fonts/DroidSansMono.ttf" 404
"../../../Engine/Content/Editor/Slate/Fonts/Roboto-BoldCondensed.ttf" 405
"../../../Engine/Content/Editor/Slate/Fonts/Roboto-Black.ttf" 406
"../../../Engine/Content/Editor/Slate/Fonts/Roboto-Italic.ttf" 407
"../../../Engine/Content/Editor/Slate/Fonts/Roboto-BoldCondensedItalic.ttf" 408
"../../../Engine/Content/Internationalization/icudt53l/coll/ucadata.icu" 409
"../../../Engine/Content/Internationalization/icudt53l/nfc.nrm" 410
"../../../Engine/Content/Internationalization/icudt53l/coll/ko.res" 411
"../../../Engine/Content/Internationalization/icudt53l/coll/root.res" 412
"../../../Engine/Content/EngineResources/AICON-Red.uasset" 413
"../../../Engine/Content/EngineResources/AICON-Green.uasset" 414
"../../../Engine/Plugins/2D/Paper2D/Content/MaskedUnlitSpriteMaterial.uasset" 415
"../../../Engine/Plugins/2D/Paper2D/Content/DefaultSpriteMaterial.uasset" 416
"../../../Engine/Plugins/2D/Paper2D/Content/DummySpriteTexture.uasset" 417
"../../../Engine/Plugins/2D/Paper2D/Content/PlaceholderTextures/DummySpriteTexture.uasset" 418
"../../../Engine/Plugins/2D/Paper2D/Content/OpaqueUnlitSpriteMaterial.uasset" 419
"../../../Engine/Plugins/2D/Paper2D/Content/DefaultPaperTerrainMaterial.uasset" 420
"../../../Engine/Plugins/2D/Paper2D/Content/DummySprite.uasset" 421
"/Users/eastern7star/Library/Application Support/Epic/UnrealEngine/4.8/Saved/Config/Mac/SourceControlSettings.ini" 422
"../../../../../../eastern7star/Documents/CtrlZ_Space/Intermediate/Config/CoalescedSourceConfigs/SourceControlSettings.ini" 423
"/Users/eastern7star/Library/Preferences/Unreal Engine/SpaceEditor/Mac/SourceControlSettings.ini" 424
"../../../Engine/Content/EngineMaterials/RemoveSurfaceMaterial.uasset" 425
"../../../Engine/Content/EngineDebugMaterials/DebugMeshMaterial.uasset" 426
"../../../Engine/Content/EngineMaterials/M_InvalidLightmapSettings.uasset" 427
"../../../Engine/Content/EngineMaterials/InvalidLightmapSettings.uasset" 428
"../../../Engine/Content/EditorMaterials/GizmoMaterial.uasset" 429
"../../../Engine/Content/EngineMaterials/Good64x64TilingNoiseHighFreq.uasset" 430
"../../../Engine/Content/EngineMaterials/DefaultBokeh.uasset" 431
"../../../Engine/Content/EngineMaterials/PreintegratedSkinBRDF.uasset" 432
"../../../Engine/Content/EngineMaterials/MiniFont.uasset" 433
"../../../Engine/Content/EngineMaterials/WeightMapPlaceholderTexture.uasset" 434
"../../../Engine/Content/EngineMaterials/DefaultWhiteGrid.uasset" 435
"../../../Engine/Content/EngineMaterials/DefaultPhysicalMaterial.uasset" 436
"../../../Engine/Content/EngineFonts/RobotoTiny.uasset" 437
"../../../../../../eastern7star/Documents/CtrlZ_Space/Intermediate/CachedAssetRegistry.bin" 438
"../../../../../../eastern7star/Documents/CtrlZ_Space/Content/Space/BluePrints/MousePoint/MousePoint.uasset" 439
"../../../../../../eastern7star/Documents/CtrlZ_Space/Content/Space/Levels/Space.umap" 440
"../../../../../../eastern7star/Documents/CtrlZ_Space/Content/Space/Sprites/MousePoint/GunSight.uasset" 441
"../../../../../../eastern7star/Documents/CtrlZ_Space/Content/Space/Sprites/MousePoint/GunSight_Sprite.uasset" 442
"../../../Engine/Content/MobileResources/HUD/VirtualJoystick_Thumb.uasset" 443
"../../../Engine/Content/EditorResources/BSPVertex.uasset" 444
"../../../Engine/Content/EngineDebugMaterials/WireframeMaterial.uasset" 445
"../../../Engine/Content/EngineDebugMaterials/GeomMaterial.uasset" 446
"../../../Engine/Content/EngineDebugMaterials/LevelColorationLitMaterial.uasset" 447
"../../../Engine/Content/EngineDebugMaterials/LevelColorationUnlitMaterial.uasset" 448
"../../../Engine/Content/EngineDebugMaterials/MAT_LevelColorationLitLightmapUV.uasset" 449
"../../../Engine/Content/EngineDebugMaterials/ShadedLevelColorationLitMaterial.uasset" 450
"../../../Engine/Content/EngineDebugMaterials/ShadedLevelColorationUnlitMateri.uasset" 451
"../../../Engine/Content/EngineDebugMaterials/VertexColorMaterial.uasset" 452
"../../../Engine/Content/EngineDebugMaterials/VertexColorViewMode_ColorOnly.uasset" 453
"../../../Engine/Content/EngineDebugMaterials/VertexColorViewMode_AlphaAsColor.uasset" 454
"../../../Engine/Content/EngineDebugMaterials/VertexColorViewMode_RedOnly.uasset" 455
"../../../Engine/Content/EngineDebugMaterials/VertexColorViewMode_GreenOnly.uasset" 456
"../../../Engine/Content/EngineDebugMaterials/VertexColorViewMode_BlueOnly.uasset" 457
"../../../Engine/Content/EngineDebugMaterials/BoneWeightMaterial.uasset" 458
"../../../Engine/Content/EngineDebugMaterials/HeatmapGradient.uasset" 459
"../../../Engine/Content/EditorMaterials/PhAT_JointLimitMaterial.uasset" 460
"../../../Engine/Content/EditorMaterials/PreviewShadowIndicatorMaterial.uasset" 461
"../../../Engine/Content/EditorMaterials/PreviewShadowIndicator.uasset" 462
"../../../Engine/Content/EngineMaterials/EditorBrushMaterial.uasset" 463
"../../../Engine/Content/EditorMeshes/ColorCalibrator/SM_ColorCalibrator.uasset" 464
"../../../Engine/Content/EditorMeshes/ColorCalibrator/M_ChromeBall.uasset" 465
"../../../Engine/Content/EditorMeshes/ColorCalibrator/M_ClearCoat.uasset" 466
"../../../Engine/Content/EditorMeshes/ColorCalibrator/M_ClearCoatBlack.uasset" 467
"../../../Engine/Content/EditorMeshes/ColorCalibrator/M_ColorGrid.uasset" 468
"../../../Engine/Content/EditorMeshes/ColorCalibrator/T_ColorGrid.uasset" 469
"../../../Engine/Content/EditorMeshes/ColorCalibrator/M_GreyBall.uasset" 470
"../../../Engine/Content/MobileResources/HUD/DefaultVirtualJoysticks.uasset" 471
"../../../Engine/Content/MobileResources/HUD/VirtualJoystick_Background.uasset" 472
"../../../Engine/Content/MobileResources/HUD/T_Castle_ThumbstickInner.uasset" 473
"../../../Engine/Content/MobileResources/HUD/MobileHUDDirectionPad3.uasset" 474
"../../../Engine/Content/MobileResources/HUD/MobileHUDButton1_off.uasset" 475
"../../../Engine/Content/MobileResources/HUD/AnalogHat.uasset" 476
"../../../Engine/Content/Maps/Entry.umap" 477
"../../../Engine/Content/EngineMaterials/DefaultNormal.uasset" 478
"../../../Engine/Plugins/2D/Paper2D/Content/TranslucentUnlitSpriteMaterial.uasset" 479
"../../../../../../eastern7star/Documents/CtrlZ_Space/Content/Space/BluePrints/Planet/Planet.uasset" 480
"../../../../../../eastern7star/Documents/CtrlZ_Space/Content/Space/BluePrints/Ship/Ship.uasset" 481
"../../../Engine/Content/EditorBlueprintResources/StandardMacros.uasset" 482
"../../../../../../eastern7star/Documents/CtrlZ_Space/Content/Space/AI/Ship_AI_Controller.uasset" 483
"../../../../../../eastern7star/Documents/CtrlZ_Space/Content/Space/AI/Ship_AI_BT.uasset" 484
"../../../../../../eastern7star/Documents/CtrlZ_Space/Content/Space/AI/Ship_AI_Blackboard.uasset" 485
"../../../../../../eastern7star/Documents/CtrlZ_Space/Content/Space/AI/ShipAgroCheck.uasset" 486
"../../../../../../eastern7star/Documents/CtrlZ_Space/Content/Space/BluePrints/Barrier/Barrier.uasset" 487
"../../../../../../eastern7star/Documents/CtrlZ_Space/Content/Space/Sprites/Barrier/Barrier_Sprite.uasset" 488
"../../../../../../eastern7star/Documents/CtrlZ_Space/Content/Space/Sprites/Barrier/Barrier.uasset" 489
"../../../../../../eastern7star/Documents/CtrlZ_Space/Content/Space/BluePrints/Barrier/InitializeBarrier.uasset" 490
"../../../../../../eastern7star/Documents/CtrlZ_Space/Content/Space/Sprites/Barrier/InitializeBarrier_Sprite.uasset" 491
"../../../../../../eastern7star/Documents/CtrlZ_Space/Content/Space/Sprites/Barrier/InitializeBarrier.uasset" 492
"../../../../../../eastern7star/Documents/CtrlZ_Space/Content/Space/BluePrints/Weapons/GunBarrel.uasset" 493
"../../../../../../eastern7star/Documents/CtrlZ_Space/Content/Space/BluePrints/Ship/WeaponPosition.uasset" 494
"../../../../../../eastern7star/Documents/CtrlZ_Space/Content/Space/Sprites/Ship/Ship_Sprite.uasset" 495
"../../../../../../eastern7star/Documents/CtrlZ_Space/Content/Space/Sprites/Ship/Ship.uasset" 496
"../../../../../../eastern7star/Documents/CtrlZ_Space/Content/Space/Particle/ShipBoostEffect.uasset" 497
"../../../../../../eastern7star/Documents/CtrlZ_Space/Content/StarterContent/Particles/Materials/m_flare_01.uasset" 498
"../../../../../../eastern7star/Documents/CtrlZ_Space/Content/Space/UI/MainUI.uasset" 499
"../../../../../../eastern7star/Documents/CtrlZ_Space/Content/Space/Sprites/UI/ProgressBar.uasset" 500
"../../../../../../eastern7star/Documents/CtrlZ_Space/Content/Space/Sprites/UI/UI_Background.uasset" 501
"../../../../../../eastern7star/Documents/CtrlZ_Space/Content/StarterContent/Particles/P_Explosion.uasset" 502
"../../../../../../eastern7star/Documents/CtrlZ_Space/Content/StarterContent/Particles/Materials/M_Burst.uasset" 503
"../../../../../../eastern7star/Documents/CtrlZ_Space/Content/StarterContent/Textures/T_Burst_M.uasset" 504
"../../../../../../eastern7star/Documents/CtrlZ_Space/Content/StarterContent/Particles/Materials/M_explosion_subUV.uasset" 505
"../../../../../../eastern7star/Documents/CtrlZ_Space/Content/StarterContent/Textures/T_Explosion_SubUV.uasset" 506
"../../../../../../eastern7star/Documents/CtrlZ_Space/Content/StarterContent/Particles/Materials/M_radial_ramp.uasset" 507
"../../../Engine/Content/Functions/Engine_MaterialFunctions01/Gradient/RadialGradient.uasset" 508
"../../../../../../eastern7star/Documents/CtrlZ_Space/Content/StarterContent/Particles/Materials/M_smoke_subUV.uasset" 509
"../../../../../../eastern7star/Documents/CtrlZ_Space/Content/StarterContent/Textures/T_Smoke_SubUV.uasset" 510
"../../../../../../eastern7star/Documents/CtrlZ_Space/Content/StarterContent/Textures/T_Smoke_Tiled_D.uasset" 511
"../../../../../../eastern7star/Documents/CtrlZ_Space/Content/Space/AI/ShipDurabillityCheck.uasset" 512
"../../../../../../eastern7star/Documents/CtrlZ_Space/Content/Space/AI/ShipDurCheck.uasset" 513
"../../../../../../eastern7star/Documents/CtrlZ_Space/Content/Space/AI/ShipRapidMoveTo.uasset" 514
"../../../../../../eastern7star/Documents/CtrlZ_Space/Content/Space/AI/ShipTurnOnBarrier.uasset" 515
"../../../../../../eastern7star/Documents/CtrlZ_Space/Content/StarterContent/Materials/M_Wood_Oak.uasset" 516
"../../../../../../eastern7star/Documents/CtrlZ_Space/Content/StarterContent/Textures/T_MacroVariation.uasset" 517
"../../../../../../eastern7star/Documents/CtrlZ_Space/Content/StarterContent/Textures/T_Wood_Oak_D.uasset" 518
"../../../../../../eastern7star/Documents/CtrlZ_Space/Content/StarterContent/Textures/T_Wood_Oak_N.uasset" 519
"../../../Engine/Content/BasicShapes/Sphere.uasset" 520
"../../../../../../eastern7star/Documents/CtrlZ_Space/Content/Space/BluePrints/Weapons/Laser/BigLaserGun.uasset" 521
"../../../../../../eastern7star/Documents/CtrlZ_Space/Content/Space/BluePrints/Weapons/Laser/LaserEffect2.uasset" 522
"../../../../../../eastern7star/Documents/CtrlZ_Space/Content/Space/BluePrints/Weapons/Laser/LaserEffect.uasset" 523
"../../../../../../eastern7star/Documents/CtrlZ_Space/Content/Space/BluePrints/Weapons/Laser/P_Fire.uasset" 524
"../../../../../../eastern7star/Documents/CtrlZ_Space/Content/StarterContent/Particles/Materials/M_Fire_SubUV.uasset" 525
"../../../../../../eastern7star/Documents/CtrlZ_Space/Content/StarterContent/Textures/T_Fire_SubUV.uasset" 526
"../../../../../../eastern7star/Documents/CtrlZ_Space/Content/StarterContent/Textures/T_Fire_Tiled_D.uasset" 527
"../../../../../../eastern7star/Documents/CtrlZ_Space/Content/StarterContent/Particles/Materials/M_Heat_Distortion.uasset" 528
"../../../../../../eastern7star/Documents/CtrlZ_Space/Content/StarterContent/Textures/T_Water_N.uasset" 529
"../../../../../../eastern7star/Documents/CtrlZ_Space/Content/StarterContent/Particles/Materials/M_Radial_Gradient.uasset" 530
"../../../../../../eastern7star/Documents/CtrlZ_Space/Content/Space/Sounds/LaserBlasts.uasset" 531
"../../../../../../eastern7star/Documents/CtrlZ_Space/Content/Space/Sounds/Laser_Blasts-SoundBible_com-108608437.uasset" 532
"../../../../../../eastern7star/Documents/CtrlZ_Space/Content/StarterContent/Audio/Explosion_Cue.uasset" 533
"../../../../../../eastern7star/Documents/CtrlZ_Space/Content/StarterContent/Audio/Explosion01.uasset" 534
"../../../../../../eastern7star/Documents/CtrlZ_Space/Content/StarterContent/Audio/Explosion02.uasset" 535
"../../../../../../eastern7star/Documents/CtrlZ_Space/Content/StarterContent/Particles/LaserEffect.uasset" 536
"../../../../../../eastern7star/Documents/CtrlZ_Space/Content/StarterContent/Particles/P_Sparks.uasset" 537
"../../../../../../eastern7star/Documents/CtrlZ_Space/Content/StarterContent/Particles/Materials/M_Spark.uasset" 538
"../../../../../../eastern7star/Documents/CtrlZ_Space/Content/StarterContent/Textures/T_Spark_Core.uasset" 539
"../../../../../../eastern7star/Documents/CtrlZ_Space/Content/Space/BluePrints/Weapons/Laser/LaserGunBarrel.uasset" 540
"../../../../../../eastern7star/Documents/CtrlZ_Space/Content/Space/BluePrints/Weapons/Laser/LaserAssistanceLine.uasset" 541
"../../../../../../eastern7star/Documents/CtrlZ_Space/Content/Space/Sprites/Laser/AssistanceLine-Color_Sprite.uasset" 542
"../../../../../../eastern7star/Documents/CtrlZ_Space/Content/Space/Sprites/Laser/AssistanceLine-Color.uasset" 543
"../../../../../../eastern7star/Documents/CtrlZ_Space/Content/Space/Sprites/Laser/Laser2Sprite.uasset" 544
"../../../../../../eastern7star/Documents/CtrlZ_Space/Content/Space/Sprites/Laser/Laser2.uasset" 545
"../../../../../../eastern7star/Documents/CtrlZ_Space/Content/Space/BluePrints/Weapons/Laser/SmallLaserGun.uasset" 546
"../../../../../../eastern7star/Documents/CtrlZ_Space/Content/Space/Sprites/Laser/LaserSprite.uasset" 547
"../../../../../../eastern7star/Documents/CtrlZ_Space/Content/Space/Sprites/Laser/Laser.uasset" 548
"../../../../../../eastern7star/Documents/CtrlZ_Space/Content/Space/Sprites/Background/Stars_Sprite.uasset" 549
"../../../../../../eastern7star/Documents/CtrlZ_Space/Content/Space/Sprites/Background/Stars.uasset" 550
"/Users/eastern7star/Library/Application Support/Epic/UnrealEngine/Common/DerivedDataCache/0/5/0/MATSM_983AFA3849534FAA8491540B994BD32E_GLSL_150_MAC_3590__BC5N_DEV_SL_NODBUF66__CBC3DD6FC3C08E79B03A68E993457595C659C4A9.udd" 551
"/Users/eastern7star/Library/Application Support/Epic/UnrealEngine/Common/DerivedDataCache/7/2/6/AUDIO_0002_0000_OGG_0001_17F6AB4D4081410D1091BA89E96682C6.udd" 552
"../../../Engine/Content/EditorResources/EmptyActor.uasset" 553
"/Users/eastern7star/Library/Application Support/Epic/UnrealEngine/Common/DerivedDataCache/0/9/6/TEXTURE_814DCC3DC72143F49509781513CB9855_AUTODXT_B8B1E045423A772388EAB4B6C0B74__10F91E8570AB0FAF026B161E973EA59DEFC3CF62.udd" 554
"/Users/eastern7star/Library/Application Support/Epic/UnrealEngine/Common/DerivedDataCache/8/3/2/TEXTURE_814DCC3DC72143F49509781513CB9855_AUTODXT_7F70BCA3414D720B66DEB8BA736D2__94FD7320B0779753043860E269D75C5DE678AEEA.udd" 555
"/Users/eastern7star/Library/Application Support/Epic/UnrealEngine/Common/DerivedDataCache/2/9/6/TEXTURE_814DCC3DC72143F49509781513CB9855_AUTODXT_E178AACD48239281008635971E4C6__4BD591AB6AB487C40D750A809B19D3AD74311828.udd" 556
"/Users/eastern7star/Library/Application Support/Epic/UnrealEngine/Common/DerivedDataCache/1/7/2/TEXTURE_814DCC3DC72143F49509781513CB9855_BGRA8_AFA4482A3D49F557C3E5F58B1016573__E8F109FEF41B7717F89F43C350DF84095A5E465E.udd" 557
"/Users/eastern7star/Library/Application Support/Epic/UnrealEngine/Common/DerivedDataCache/2/5/5/TEXTURE_814DCC3DC72143F49509781513CB9855_BGRA8_DFA762EF4E3CBA9225A4988DD0D804F__ED5AAB3A0BDE9F680417305D39FC594BCE139739.udd" 558
"/Users/eastern7star/Library/Application Support/Epic/UnrealEngine/Common/DerivedDataCache/0/2/0/TEXTURE_814DCC3DC72143F49509781513CB9855_AUTODXT_77E98B954FE8B6F198D70893D91D4__B278457D62D96D3842F4D352227DE58536DBD28D.udd" 559
"/Users/eastern7star/Library/Application Support/Epic/UnrealEngine/Common/DerivedDataCache/1/2/2/TEXTURE_814DCC3DC72143F49509781513CB9855_BGRA8_5B2C5F7845450A7EDC47D9AA9AEBA65__F7F9C8CD2A72B13CDD68DA0C4F5DE288A9E9BE0F.udd" 560
"/Users/eastern7star/Library/Application Support/Epic/UnrealEngine/Common/DerivedDataCache/4/2/0/TEXTURE_814DCC3DC72143F49509781513CB9855_AUTODXT_3ED690AC47CBCE6E65E7209183FF7__F4FD3EB53A77F32797EC52DCCB6DC49E5D402666.udd" 561
"/Users/eastern7star/Library/Application Support/Epic/UnrealEngine/Common/DerivedDataCache/4/3/3/TEXTURE_814DCC3DC72143F49509781513CB9855_AUTODXT_929F1FDB41D595E8040AA19A09DA6__30BFA5553D80D5722CBC167B6B123B42650D483B.udd" 562
"/Users/eastern7star/Library/Application Support/Epic/UnrealEngine/Common/DerivedDataCache/5/3/7/TEXTURE_814DCC3DC72143F49509781513CB9855_AUTODXT_883E073246EFCB73284084AA09643__DD15337ACFEC6199BCB63BE2C9EED4054B2184E5.udd" 563
"../../../Engine/Content/MobileResources/HUD/MobileHUDButton3.uasset" 564
"../../../Engine/Content/MobileResources/T_MobileMenu2.uasset" 565
"../../../Engine/Content/MobileResources/HUD/MobileHUDDirectionPad2.uasset" 566
"../../../Engine/Content/MobileResources/HUD/MobileHUDButton2_on.uasset" 567
"../../../Engine/Content/MobileResources/HUD/LeftVirtualJoystickOnly.uasset" 568
"../../../Engine/Content/MobileResources/T_MobileControls_texture.uasset" 569
"../../../Engine/Content/MobileResources/HUD/MobileHUDButton2_off.uasset" 570
"../../../Engine/Content/MobileResources/HUD/MobileHUDDirectionPad.uasset" 571
"../../../Engine/Content/MobileResources/HUD/MobileHUDDirectionStick.uasset" 572
"../../../Engine/Content/MobileResources/HUD/T_Castle_ThumbstickOutter.uasset" 573
"../../../Engine/Content/MobileResources/HUD/MobileHUDButtonFire.uasset" 574
"../../../Engine/Content/MobileResources/HUD/MobileHUDButton1_on.uasset" 575
